<?xml version="1.0" encoding="UTF-8"?>
<testsuite xmlns:xsi="http://www.w3.org/2001/XMLSchema-instance" xsi:noNamespaceSchemaLocation="https://maven.apache.org/surefire/maven-surefire-plugin/xsd/surefire-test-report.xsd" version="3.0.2" name="TestSuite" time="577.542" tests="263" errors="0" skipped="0" failures="34">
  <properties>
[...]
</properties>
  <testcase name="runScenario[&quot;Validating Array Module&quot;, &quot;DsPortal Array Page Functionality&quot;](1)" classname="runner.TestRunner" time="28.682">
    <system-out><![CDATA[
@Array @AIPPracQns @Array_TC_006
Scenario: Validating Practice Questions link in Array in Python Page                              # src/test/resources/features/Array.feature:50

@Array @AIPTryEditor @Array_TC_003
Scenario: Validating Try here button in Arrays in Python                                      # src/test/resources/features/Array.feature:22

@Array @AIPTryEditorPageNegative @Array_TC_005
Scenario Outline: Validating Try here Page for negative input through the Arrays in Python Page # src/test/resources/features/Array.feature:47

@Array @AIPTryEditorPageNegative @Array_TC_005
Scenario Outline: Validating Try here Page for negative input through the Arrays in Python Page # src/test/resources/features/Array.feature:46

@Array @AIPPracQns1 @Array_TC_007
Scenario: Validating Search the Array in Array in Python Page               # src/test/resources/features/Array.feature:56

@Array @AIP @Array_TC_002
Scenario: Validating the Arrays in Python link in Array Module Page       # src/test/resources/features/Array.feature:16

@Array @Array_GetStarted @Array_TC_001
Scenario: Validating Array Module                                         # src/test/resources/features/Array.feature:10

@Array @AIPTryEditorPagePositive @Array_TC_004
Scenario: Validating Try here Page for positive input through the Arrays in Python Page # src/test/resources/features/Array.feature:29

@Array @AIPPracQns2 @AIPPracQns2TC_008
Scenario: Validating the Max Consecutive Ones in Array in Python Page           # src/test/resources/features/Array.feature:62

@Array @AIPPracQns3 @AIPPracQns3TC_009
Scenario: Validating the Find Numbers with Even Number of Digits in Array in Python Page           # src/test/resources/features/Array.feature:68
[INFO ] 2024-10-21 00:36:35.203 [TestNG-PoolService-8] LoggerLoad - The user is on the Login page.
[INFO ] 2024-10-21 00:36:35.203 [TestNG-PoolService-6] LoggerLoad - The user is on the Login page.
  Given The User is on the login page                                       # stepdefinitions.LoginStep.the_user_is_on_the_login_page()
[INFO ] 2024-10-21 00:36:35.203 [TestNG-PoolService-7] LoggerLoad - The user is on the Login page.
[INFO ] 2024-10-21 00:36:35.204 [TestNG-PoolService-2] LoggerLoad - The user is on the Login page.
[INFO ] 2024-10-21 00:36:35.203 [TestNG-PoolService-3] LoggerLoad - The user is on the Login page.
[INFO ] 2024-10-21 00:36:35.204 [TestNG-PoolService-9] LoggerLoad - The user is on the Login page.
[INFO ] 2024-10-21 00:36:35.203 [TestNG-PoolService-10] LoggerLoad - The user is on the Login page.
  Given The User is on the login page                                                              # stepdefinitions.LoginStep.the_user_is_on_the_login_page()
  Given The User is on the login page                                           # stepdefinitions.LoginStep.the_user_is_on_the_login_page()
  Given The User is on the login page                                                         # stepdefinitions.LoginStep.the_user_is_on_the_login_page()
  Given The User is on the login page                                     # stepdefinitions.LoginStep.the_user_is_on_the_login_page()
  Given The User is on the login page                                                             # stepdefinitions.LoginStep.the_user_is_on_the_login_page()
  Given The User is on the login page                                                           # stepdefinitions.LoginStep.the_user_is_on_the_login_page()
[INFO ] 2024-10-21 00:36:35.226 [TestNG-PoolService-4] LoggerLoad - The user is on the Login page.
  Given The User is on the login page                                                   # stepdefinitions.LoginStep.the_user_is_on_the_login_page()
[INFO ] 2024-10-21 00:36:35.387 [TestNG-PoolService-1] LoggerLoad - The user is on the Login page.
  Given The User is on the login page                                     # stepdefinitions.LoginStep.the_user_is_on_the_login_page()
[INFO ] 2024-10-21 00:36:35.498 [TestNG-PoolService-5] LoggerLoad - The user is on the Login page.
  Given The User is on the login page                                                           # stepdefinitions.LoginStep.the_user_is_on_the_login_page()
The Expected results are :You are logged in
[INFO ] 2024-10-21 00:36:39.720 [TestNG-PoolService-8] LoggerLoad - User Enter Login credential with username as " DreamTeam" and password as" Dre@mTe@m123" 
The Expected results are :You are logged in
[INFO ] 2024-10-21 00:36:39.774 [TestNG-PoolService-2] LoggerLoad - User Enter Login credential with username as " DreamTeam" and password as" Dre@mTe@m123" 
The Expected results are :You are logged in
[INFO ] 2024-10-21 00:36:39.842 [TestNG-PoolService-1] LoggerLoad - User Enter Login credential with username as " DreamTeam" and password as" Dre@mTe@m123" 
The Expected results are :You are logged in
[INFO ] 2024-10-21 00:36:39.858 [TestNG-PoolService-6] LoggerLoad - User Enter Login credential with username as " DreamTeam" and password as" Dre@mTe@m123" 
The Expected results are :You are logged in
[INFO ] 2024-10-21 00:36:40.077 [TestNG-PoolService-5] LoggerLoad - User Enter Login credential with username as " DreamTeam" and password as" Dre@mTe@m123" 
The Expected results are :You are logged in
[INFO ] 2024-10-21 00:36:40.201 [TestNG-PoolService-7] LoggerLoad - User Enter Login credential with username as " DreamTeam" and password as" Dre@mTe@m123" 
The Expected results are :You are logged in
[INFO ] 2024-10-21 00:36:40.399 [TestNG-PoolService-4] LoggerLoad - User Enter Login credential with username as " DreamTeam" and password as" Dre@mTe@m123" 
The Expected results are :You are logged in
[INFO ] 2024-10-21 00:36:40.402 [TestNG-PoolService-9] LoggerLoad - User Enter Login credential with username as " DreamTeam" and password as" Dre@mTe@m123" 
The Expected results are :You are logged in
[INFO ] 2024-10-21 00:36:40.405 [TestNG-PoolService-3] LoggerLoad - User Enter Login credential with username as " DreamTeam" and password as" Dre@mTe@m123" 
The Expected results are :You are logged in
[INFO ] 2024-10-21 00:36:40.481 [TestNG-PoolService-10] LoggerLoad - User Enter Login credential with username as " DreamTeam" and password as" Dre@mTe@m123" 
  When The User enters the valid username and password "LoginCredentials"   # stepdefinitions.LoginStep.the_user_enters_the_valid_username_and_password(java.lang.String)
  When The User enters the valid username and password "LoginCredentials"                         # stepdefinitions.LoginStep.the_user_enters_the_valid_username_and_password(java.lang.String)
  When The User enters the valid username and password "LoginCredentials"                     # stepdefinitions.LoginStep.the_user_enters_the_valid_username_and_password(java.lang.String)
  When The User enters the valid username and password "LoginCredentials" # stepdefinitions.LoginStep.the_user_enters_the_valid_username_and_password(java.lang.String)
  When The User enters the valid username and password "LoginCredentials"               # stepdefinitions.LoginStep.the_user_enters_the_valid_username_and_password(java.lang.String)
  When The User enters the valid username and password "LoginCredentials" # stepdefinitions.LoginStep.the_user_enters_the_valid_username_and_password(java.lang.String)
  Given the User is on the Arrays in Python page                                                  # stepdefinitions.ArrayStep.the_user_is_on_the_arrays_in_python_page()
  Given the User is on the Arrays in Python page                                              # stepdefinitions.ArrayStep.the_user_is_on_the_arrays_in_python_page()
  When The User enters the valid username and password "LoginCredentials"                       # stepdefinitions.LoginStep.the_user_enters_the_valid_username_and_password(java.lang.String)
  Given the User is on the Practice Questions page                          # stepdefinitions.ArrayStep.the_user_is_on_the_practice_questions_page()
  When the User clicks Practice Questions link in the Python Page                                 # stepdefinitions.ArrayStep.the_user_clicks_practice_questions_link_in_the_python_page()
  When The User enters the valid username and password "LoginCredentials"                          # stepdefinitions.LoginStep.the_user_enters_the_valid_username_and_password(java.lang.String)
  Then the User should get navigated to the Practice Questions Page from the Array in Python Page # stepdefinitions.ArrayStep.the_user_should_get_navigated_to_the_practice_questions_page_from_the_array_in_python_page()
[INFO ] 2024-10-21 00:36:44.929 [TestNG-PoolService-1] LoggerLoad - You are in NumpyNinjahome page.
  Given the user is in homepage and logged in                             # stepdefinitions.CommonStepDefinitions.the_user_is_in_homepage_and_logged_in()
  When The User enters the valid username and password "LoginCredentials"       # stepdefinitions.LoginStep.the_user_enters_the_valid_username_and_password(java.lang.String)
  Given the User is on the Array Module page                              # stepdefinitions.ArrayStep.the_user_is_on_the_array_module_page()
  When The User enters the valid username and password "LoginCredentials"                       # stepdefinitions.LoginStep.the_user_enters_the_valid_username_and_password(java.lang.String)
  When the User clicks Arrays in Python link in the Array Module Page     # stepdefinitions.ArrayStep.the_user_clicks_arrays_in_python_link_in_the_array_module_page()
  Then the User should get navigated to the Arrays in Python Page         # stepdefinitions.ArrayStep.the_user_should_get_navigated_to_the_arrays_in_python_page()
  When the User clicks Get Started button in the Array section            # stepdefinitions.ArrayStep.the_user_clicks_get_started_button_in_the_array_section()
  Given the User is on the Practice Questions page                              # stepdefinitions.ArrayStep.the_user_is_on_the_practice_questions_page()
  Then the User should get navigated to the Array Module  Page            # stepdefinitions.ArrayStep.the_user_should_get_navigated_to_the_array_module_page()
  Given the User is on the Practice Questions page                                                 # stepdefinitions.ArrayStep.the_user_is_on_the_practice_questions_page()
]]></system-out>
    <system-err><![CDATA[SLF4J: Failed to load class "org.slf4j.impl.StaticLoggerBinder".
SLF4J: Defaulting to no-operation (NOP) logger implementation
SLF4J: See http://www.slf4j.org/codes.html#StaticLoggerBinder for further details.
Oct 21, 2024 12:36:26 AM org.openqa.selenium.devtools.CdpVersionFinder findNearestMatch
WARNING: Unable to find an exact match for CDP version 129, returning the closest version; found: 128; Please update to a Selenium version that supports CDP version 129
Oct 21, 2024 12:36:26 AM org.openqa.selenium.devtools.CdpVersionFinder findNearestMatch
WARNING: Unable to find an exact match for CDP version 129, returning the closest version; found: 128; Please update to a Selenium version that supports CDP version 129
Oct 21, 2024 12:36:26 AM org.openqa.selenium.devtools.CdpVersionFinder findNearestMatch
WARNING: Unable to find an exact match for CDP version 129, returning the closest version; found: 128; Please update to a Selenium version that supports CDP version 129
Oct 21, 2024 12:36:26 AM org.openqa.selenium.devtools.CdpVersionFinder findNearestMatch
WARNING: Unable to find an exact match for CDP version 129, returning the closest version; found: 128; Please update to a Selenium version that supports CDP version 129
Oct 21, 2024 12:36:28 AM org.openqa.selenium.devtools.CdpVersionFinder findNearestMatch
WARNING: Unable to find an exact match for CDP version 129, returning the closest version; found: 128; Please update to a Selenium version that supports CDP version 129
Oct 21, 2024 12:36:28 AM org.openqa.selenium.devtools.CdpVersionFinder findNearestMatch
WARNING: Unable to find an exact match for CDP version 129, returning the closest version; found: 128; Please update to a Selenium version that supports CDP version 129
Oct 21, 2024 12:36:30 AM org.openqa.selenium.devtools.CdpVersionFinder findNearestMatch
WARNING: Unable to find an exact match for CDP version 129, returning the closest version; found: 128; Please update to a Selenium version that supports CDP version 129
Oct 21, 2024 12:36:30 AM org.openqa.selenium.devtools.CdpVersionFinder findNearestMatch
WARNING: Unable to find an exact match for CDP version 129, returning the closest version; found: 128; Please update to a Selenium version that supports CDP version 129
Oct 21, 2024 12:36:30 AM org.openqa.selenium.devtools.CdpVersionFinder findNearestMatch
WARNING: Unable to find an exact match for CDP version 129, returning the closest version; found: 128; Please update to a Selenium version that supports CDP version 129
Oct 21, 2024 12:36:31 AM org.openqa.selenium.devtools.CdpVersionFinder findNearestMatch
WARNING: Unable to find an exact match for CDP version 129, returning the closest version; found: 128; Please update to a Selenium version that supports CDP version 129
]]></system-err>
  </testcase>
  <testcase name="runScenario[&quot;Validating Practice Questions link in Array in Python Page&quot;, &quot;DsPortal Array Page Functionality&quot;](2)" classname="runner.TestRunner" time="0.303">
    <system-out><![CDATA[
@Array @AIPPracQns4 @AIPPracQns4TC_010
Scenario: Validating the Squares of a Sorted Array in Array in Python Page           # src/test/resources/features/Array.feature:74
]]></system-out>
  </testcase>
  <testcase name="runScenario[&quot;Validating the Arrays in Python link in Array Module Page&quot;, &quot;DsPortal Array Page Functionality&quot;](3)" classname="runner.TestRunner" time="0.311">
    <system-out><![CDATA[
@Array @AUL @AULTC_011
Scenario: Validating the Arrays using List link in Array Module Page      # src/test/resources/features/Array.feature:80
]]></system-out>
  </testcase>
  <testcase name="runScenario[&quot;Validating Try here Page for negative input through the Arrays in Python Page&quot;, &quot;DsPortal Array Page Functionality&quot;](4)" classname="runner.TestRunner" time="2.09">
    <system-out><![CDATA[
@Array @AULTryEditor @AULEditorTC_012
Scenario: Validating Try here button in Arrays using List Page                     # src/test/resources/features/Array.feature:86
  Given the User is on the Try Editor page through the Arrays in Python Page                    # stepdefinitions.ArrayStep.the_user_is_on_the_try_editor_page_through_the_arrays_in_python_page()
aer234@$
  When the User clicks the Max Consecutive Ones link in Practice Questions Page # stepdefinitions.ArrayStep.the_user_clicks_the_max_consecutive_ones_link_in_practice_questions_page()
  When the User enters a sample code as "aer234@$" in the Editor section and click Run          # stepdefinitions.CommonStepDefinitions.the_user_enters_a_sample_code_as_in_the_editor_section_and_click_run(java.lang.String)
  Then the User should get navigated to the Max Consecutive Ones Page           # stepdefinitions.ArrayStep.the_user_should_get_navigated_to_the_max_consecutive_ones_page()
[INFO ] 2024-10-21 00:36:52.415 [TestNG-PoolService-6] LoggerLoad - actual error SyntaxError: bad token T_OP on line 1
  Then the User should get the "SyntaxError: bad token T_OP on line 1" in the alert             # stepdefinitions.CommonStepDefinitions.the_user_should_get_the_in_the_alert(java.lang.String)
]]></system-out>
  </testcase>
  <testcase name="runScenario[&quot;Validating the Max Consecutive Ones in Array in Python Page&quot;, &quot;DsPortal Array Page Functionality&quot;](5)" classname="runner.TestRunner" time="0.39">
    <system-out><![CDATA[
@Array @AULTryEditorPagePositive @Array_TC_013
Scenario: Validating Try here Page for positive input through the Arrays using List Page # src/test/resources/features/Array.feature:92
]]></system-out>
  </testcase>
  <testcase name="runScenario[&quot;Validating Search the Array in Array in Python Page&quot;, &quot;DsPortal Array Page Functionality&quot;](6)" classname="runner.TestRunner" time="3.668">
    <system-out><![CDATA[
@Array @AULTryEditorPageNegative @Array_TC_014
Scenario Outline: Validating Try here Page for negative input through the Arrays using List Page # src/test/resources/features/Array.feature:109
  When the User clicks the Search the array link in Practice Questions Page # stepdefinitions.ArrayStep.the_user_clicks_the_search_the_array_link_in_practice_questions_page()
  Then the User should get navigated to the Search the Array Page           # stepdefinitions.ArrayStep.the_user_should_get_navigated_to_the_search_the_array_page()
  When the User clicks the Find Numbers with Even Number of Digits link in Practice Questions Page # stepdefinitions.ArrayStep.the_user_clicks_the_find_numbers_with_even_number_of_digits_link_in_practice_questions_page()
  Then the User should get navigated to the Find Numbers with Even Number of Digits Page           # stepdefinitions.ArrayStep.the_user_should_get_navigated_to_the_find_numbers_with_even_number_of_digits_page()
]]></system-out>
    <system-err><![CDATA[Oct 21, 2024 12:36:55 AM org.openqa.selenium.devtools.CdpVersionFinder findNearestMatch
WARNING: Unable to find an exact match for CDP version 129, returning the closest version; found: 128; Please update to a Selenium version that supports CDP version 129
Oct 21, 2024 12:36:55 AM org.openqa.selenium.devtools.CdpVersionFinder findNearestMatch
WARNING: Unable to find an exact match for CDP version 129, returning the closest version; found: 128; Please update to a Selenium version that supports CDP version 129
Oct 21, 2024 12:36:55 AM org.openqa.selenium.devtools.CdpVersionFinder findNearestMatch
WARNING: Unable to find an exact match for CDP version 129, returning the closest version; found: 128; Please update to a Selenium version that supports CDP version 129
]]></system-err>
  </testcase>
  <testcase name="runScenario[&quot;Validating the Find Numbers with Even Number of Digits in Array in Python Page&quot;, &quot;DsPortal Array Page Functionality&quot;](7)" classname="runner.TestRunner" time="0.224">
    <system-out><![CDATA[
@Array @AULTryEditorPageNegative @Array_TC_014
Scenario Outline: Validating Try here Page for negative input through the Arrays using List Page # src/test/resources/features/Array.feature:110
]]></system-out>
  </testcase>
  <testcase name="runScenario[&quot;Validating Try here Page for negative input through the Arrays in Python Page&quot;, &quot;DsPortal Array Page Functionality&quot;](8)" classname="runner.TestRunner" time="4.48">
    <system-out><![CDATA[
@Array @AULPracQns @AULPracQnsTC_015
Scenario: Validating Practice Questions link in Arrays using List Page                     # src/test/resources/features/Array.feature:113
  Given the User is on the Try Editor page through the Arrays in Python Page                    # stepdefinitions.ArrayStep.the_user_is_on_the_try_editor_page_through_the_arrays_in_python_page()
print hello
  Given the User is on the Try Editor page through the Arrays in Python Page            # stepdefinitions.ArrayStep.the_user_is_on_the_try_editor_page_through_the_arrays_in_python_page()
  When the User clicks the Try here in Arrays in Python Page                                  # stepdefinitions.ArrayStep.the_user_clicks_the_try_here_in_arrays_in_python_page()
  Then the User should get navigated to the Try Editor Page through the Arrays in Python Page # stepdefinitions.ArrayStep.the_user_should_get_navigated_to_the_try_editor_page_through_the_arrays_in_python_page()
  When the User enters a sample code as "print hello" in the Editor section and click Run       # stepdefinitions.CommonStepDefinitions.the_user_enters_a_sample_code_as_in_the_editor_section_and_click_run(java.lang.String)
[INFO ] 2024-10-21 00:36:58.854 [TestNG-PoolService-5] LoggerLoad - actual error NameError: name 'hello' is not defined on line 1
  Then the User should get the "NameError: name 'hello' is not defined on line 1" in the alert  # stepdefinitions.CommonStepDefinitions.the_user_should_get_the_in_the_alert(java.lang.String)
[INFO ] 2024-10-21 00:36:59.723 [TestNG-PoolService-1] LoggerLoad - The user is on the Login page.
  Given The User is on the login page                                                # stepdefinitions.LoginStep.the_user_is_on_the_login_page()
[INFO ] 2024-10-21 00:36:59.898 [TestNG-PoolService-2] LoggerLoad - The user is on the Login page.
  Given The User is on the login page                                              # stepdefinitions.LoginStep.the_user_is_on_the_login_page()
[INFO ] 2024-10-21 00:36:59.962 [TestNG-PoolService-7] LoggerLoad - The user is on the Login page.
  Given The User is on the login page                                     # stepdefinitions.LoginStep.the_user_is_on_the_login_page()
The Expected results are :You are logged in
[INFO ] 2024-10-21 00:37:00.449 [TestNG-PoolService-1] LoggerLoad - User Enter Login credential with username as " DreamTeam" and password as" Dre@mTe@m123" 
The Expected results are :You are logged in
[INFO ] 2024-10-21 00:37:00.524 [TestNG-PoolService-2] LoggerLoad - User Enter Login credential with username as " DreamTeam" and password as" Dre@mTe@m123" 
The Expected results are :You are logged in
[INFO ] 2024-10-21 00:37:00.595 [TestNG-PoolService-7] LoggerLoad - User Enter Login credential with username as " DreamTeam" and password as" Dre@mTe@m123" 
[INFO ] 2024-10-21 00:37:01.047 [TestNG-PoolService-6] LoggerLoad - The user is on the Login page.
  Given The User is on the login page                                                    # stepdefinitions.LoginStep.the_user_is_on_the_login_page()
[INFO ] 2024-10-21 00:37:01.489 [TestNG-PoolService-9] LoggerLoad - The user is on the Login page.
  Given The User is on the login page                                                            # stepdefinitions.LoginStep.the_user_is_on_the_login_page()
The Expected results are :You are logged in
[INFO ] 2024-10-21 00:37:01.532 [TestNG-PoolService-6] LoggerLoad - User Enter Login credential with username as " DreamTeam" and password as" Dre@mTe@m123" 
  When The User enters the valid username and password "LoginCredentials"            # stepdefinitions.LoginStep.the_user_enters_the_valid_username_and_password(java.lang.String)
  When The User enters the valid username and password "LoginCredentials"          # stepdefinitions.LoginStep.the_user_enters_the_valid_username_and_password(java.lang.String)
  When The User enters the valid username and password "LoginCredentials" # stepdefinitions.LoginStep.the_user_enters_the_valid_username_and_password(java.lang.String)
]]></system-out>
    <system-err><![CDATA[Oct 21, 2024 12:36:58 AM org.openqa.selenium.devtools.CdpVersionFinder findNearestMatch
WARNING: Unable to find an exact match for CDP version 129, returning the closest version; found: 128; Please update to a Selenium version that supports CDP version 129
Oct 21, 2024 12:36:59 AM org.openqa.selenium.devtools.CdpVersionFinder findNearestMatch
WARNING: Unable to find an exact match for CDP version 129, returning the closest version; found: 128; Please update to a Selenium version that supports CDP version 129
]]></system-err>
  </testcase>
  <testcase name="runScenario[&quot;Validating Try here button in Arrays in Python&quot;, &quot;DsPortal Array Page Functionality&quot;](9)" classname="runner.TestRunner" time="0.019">
    <system-out><![CDATA[
@Array @BOL @BOLTC_016
Scenario: Validating the Basic Operations in Lists link in Array Module Page   # src/test/resources/features/Array.feature:119
]]></system-out>
  </testcase>
  <testcase name="runScenario[&quot;Validating the Arrays using List link in Array Module Page&quot;, &quot;DsPortal Array Page Functionality&quot;](10)" classname="runner.TestRunner" time="3.899">
    <system-out><![CDATA[
@Array @BOLTryEditor @BOLEditorTC_017
Scenario: Validating Try here button in Basic Operations in Lists Page                         # src/test/resources/features/Array.feature:125
  When the User enters the following code in the Editor section and clicks Run          # stepdefinitions.CommonStepDefinitions.the_User_enters_the_following_code_in_the_Editor_section_and_clicks_Run(io.cucumber.datatable.DataTable)
    | code           | output |
    | print("Hello") | Hello  |
    | print(1234)    | 1234   |
[INFO ] 2024-10-21 00:37:02.055 [TestNG-PoolService-4] LoggerLoad - Actual Output: Hello Expected Output: Hello
[INFO ] 2024-10-21 00:37:02.055 [TestNG-PoolService-4] LoggerLoad - Actual Output: 1234 Expected Output: 1234
  Then the User should get the correct output on the screen                             # stepdefinitions.CommonStepDefinitions.the_User_should_get_the_correct_output_on_the_screen()
The Expected results are :You are logged in
[INFO ] 2024-10-21 00:37:02.165 [TestNG-PoolService-9] LoggerLoad - User Enter Login credential with username as " DreamTeam" and password as" Dre@mTe@m123" 
  Given the User is on the Array Module page                              # stepdefinitions.ArrayStep.the_user_is_on_the_array_module_page()
  When The User enters the valid username and password "LoginCredentials"                # stepdefinitions.LoginStep.the_user_enters_the_valid_username_and_password(java.lang.String)
  Given the User is on the Arrays using List page                                  # stepdefinitions.ArrayStep.the_user_is_on_the_arrays_using_list_page()
  When The User enters the valid username and password "LoginCredentials"                        # stepdefinitions.LoginStep.the_user_enters_the_valid_username_and_password(java.lang.String)
  Given the User is on the Practice Questions page                                   # stepdefinitions.ArrayStep.the_user_is_on_the_practice_questions_page()
  When the User clicks Arrays using List link in the Array Module Page    # stepdefinitions.ArrayStep.the_user_clicks_arrays_using_list_link_in_the_array_module_page()
  Then the User should get navigated to the Arrays using List Page        # stepdefinitions.ArrayStep.the_user_should_get_navigated_to_the_arrays_using_list_page()
]]></system-out>
    <system-err><![CDATA[Oct 21, 2024 12:37:02 AM org.openqa.selenium.devtools.CdpVersionFinder findNearestMatch
WARNING: Unable to find an exact match for CDP version 129, returning the closest version; found: 128; Please update to a Selenium version that supports CDP version 129
Oct 21, 2024 12:37:03 AM org.openqa.selenium.devtools.CdpVersionFinder findNearestMatch
WARNING: Unable to find an exact match for CDP version 129, returning the closest version; found: 128; Please update to a Selenium version that supports CDP version 129
]]></system-err>
  </testcase>
  <testcase name="runScenario[&quot;Validating Try here Page for positive input through the Arrays in Python Page&quot;, &quot;DsPortal Array Page Functionality&quot;](11)" classname="runner.TestRunner" time="1.362">
    <system-out><![CDATA[
@Array @BOLTryEditorPagePositive @Array_TC_018
Scenario: Validating Try here Page for positive input through the Basic Operations in Lists Page # src/test/resources/features/Array.feature:131
  When the User clicks the Try here in Arrays using List Page                      # stepdefinitions.ArrayStep.the_user_clicks_the_try_here_in_arrays_using_list_page()
[INFO ] 2024-10-21 00:37:06.341 [TestNG-PoolService-8] LoggerLoad - The user is on the Login page.
  Given The User is on the login page                                                            # stepdefinitions.LoginStep.the_user_is_on_the_login_page()
  Then the User should get navigated to the Try Editor Page from Arrays using List # stepdefinitions.ArrayStep.the_user_should_get_navigated_to_the_try_editor_page_from_arrays_using_list()
      io.cucumber.core.exception.CucumberException: Step [the User should get navigated to the Try Editor Page from Arrays using List] is defined with 0 parameters at 'stepdefinitions.ArrayStep.the_user_should_get_navigated_to_the_try_editor_page_from_arrays_using_list()'.
However, the gherkin step has 1 arguments:
 * Table:

Step text: the User should get navigated to the Try Editor Page from Arrays using List
	at io.cucumber.core.runner.PickleStepDefinitionMatch.arityMismatch(PickleStepDefinitionMatch.java:83)
	at io.cucumber.core.runner.PickleStepDefinitionMatch.runStep(PickleStepDefinitionMatch.java:42)
	at io.cucumber.core.runner.ExecutionMode$1.execute(ExecutionMode.java:10)
	at io.cucumber.core.runner.TestStep.executeStep(TestStep.java:81)
	at io.cucumber.core.runner.TestStep.run(TestStep.java:53)
	at io.cucumber.core.runner.PickleStepTestStep.run(PickleStepTestStep.java:51)
	at io.cucumber.core.runner.TestCase.run(TestCase.java:84)
	at io.cucumber.core.runner.Runner.runPickle(Runner.java:75)
	at io.cucumber.testng.TestNGCucumberRunner.lambda$runScenario$1(TestNGCucumberRunner.java:132)
	at io.cucumber.core.runtime.CucumberExecutionContext.lambda$runTestCase$5(CucumberExecutionContext.java:136)
	at io.cucumber.core.runtime.RethrowingThrowableCollector.executeAndThrow(RethrowingThrowableCollector.java:23)
	at io.cucumber.core.runtime.CucumberExecutionContext.runTestCase(CucumberExecutionContext.java:136)
	at io.cucumber.testng.TestNGCucumberRunner.runScenario(TestNGCucumberRunner.java:129)
	at io.cucumber.testng.AbstractTestNGCucumberTests.runScenario(AbstractTestNGCucumberTests.java:35)
	at java.base/jdk.internal.reflect.NativeMethodAccessorImpl.invoke0(Native Method)
	at java.base/jdk.internal.reflect.NativeMethodAccessorImpl.invoke(NativeMethodAccessorImpl.java:77)
	at java.base/jdk.internal.reflect.DelegatingMethodAccessorImpl.invoke(DelegatingMethodAccessorImpl.java:43)
	at java.base/java.lang.reflect.Method.invoke(Method.java:568)
	at org.testng.internal.invokers.MethodInvocationHelper.invokeMethod(MethodInvocationHelper.java:141)
	at org.testng.internal.invokers.TestInvoker.invokeMethod(TestInvoker.java:686)
	at org.testng.internal.invokers.TestInvoker.invokeTestMethod(TestInvoker.java:230)
	at org.testng.internal.invokers.TestMethodWithDataProviderMethodWorker.call(TestMethodWithDataProviderMethodWorker.java:81)
	at org.testng.internal.thread.Async$AsyncTask.run(Async.java:34)
	at java.base/java.util.concurrent.ThreadPoolExecutor.runWorker(ThreadPoolExecutor.java:1136)
	at java.base/java.util.concurrent.ThreadPoolExecutor$Worker.run(ThreadPoolExecutor.java:635)
	at java.base/java.lang.Thread.run(Thread.java:842)


    Embedding Validating Try here button in Arrays using List Page [image/png 7635 bytes]

[INFO ] 2024-10-21 00:37:06.702 [TestNG-PoolService-10] LoggerLoad - The user is on the Login page.
  Given The User is on the login page                                                      # stepdefinitions.LoginStep.the_user_is_on_the_login_page()
The Expected results are :You are logged in
[INFO ] 2024-10-21 00:37:06.972 [TestNG-PoolService-8] LoggerLoad - User Enter Login credential with username as " DreamTeam" and password as" Dre@mTe@m123" 
  When the User clicks the Squares of a Sorted Array link in Practice Questions Page # stepdefinitions.ArrayStep.the_user_clicks_the_squares_of_a_sorted_array_link_in_practice_questions_page()
]]></system-out>
  </testcase>
  <testcase name="runScenario[&quot;Validating Try here button in Arrays using List Page&quot;, &quot;DsPortal Array Page Functionality&quot;](12)" classname="runner.TestRunner" time="3.744">
    <failure message="Step [the User should get navigated to the Try Editor Page from Arrays using List] is defined with 0 parameters at &apos;stepdefinitions.ArrayStep.the_user_should_get_navigated_to_the_try_editor_page_from_arrays_using_list()&apos;.&#10;However, the gherkin step has 1 arguments:&#10; * Table:&#10;&#10;Step text: the User should get navigated to the Try Editor Page from Arrays using List" type="io.cucumber.core.exception.CucumberException"><![CDATA[io.cucumber.core.exception.CucumberException: 
Step [the User should get navigated to the Try Editor Page from Arrays using List] is defined with 0 parameters at 'stepdefinitions.ArrayStep.the_user_should_get_navigated_to_the_try_editor_page_from_arrays_using_list()'.
However, the gherkin step has 1 arguments:
 * Table:

Step text: the User should get navigated to the Try Editor Page from Arrays using List
	at io.cucumber.core.runner.PickleStepDefinitionMatch.arityMismatch(PickleStepDefinitionMatch.java:83)
	at io.cucumber.core.runner.PickleStepDefinitionMatch.runStep(PickleStepDefinitionMatch.java:42)
	at io.cucumber.core.runner.ExecutionMode$1.execute(ExecutionMode.java:10)
	at io.cucumber.core.runner.TestStep.executeStep(TestStep.java:81)
	at io.cucumber.core.runner.TestStep.run(TestStep.java:53)
	at io.cucumber.core.runner.PickleStepTestStep.run(PickleStepTestStep.java:51)
	at io.cucumber.core.runner.TestCase.run(TestCase.java:84)
	at io.cucumber.core.runner.Runner.runPickle(Runner.java:75)
	at io.cucumber.testng.TestNGCucumberRunner.lambda$runScenario$1(TestNGCucumberRunner.java:132)
	at io.cucumber.core.runtime.CucumberExecutionContext.lambda$runTestCase$5(CucumberExecutionContext.java:136)
	at io.cucumber.core.runtime.RethrowingThrowableCollector.executeAndThrow(RethrowingThrowableCollector.java:23)
	at io.cucumber.core.runtime.CucumberExecutionContext.runTestCase(CucumberExecutionContext.java:136)
	at io.cucumber.testng.TestNGCucumberRunner.runScenario(TestNGCucumberRunner.java:129)
	at io.cucumber.testng.AbstractTestNGCucumberTests.runScenario(AbstractTestNGCucumberTests.java:35)
	at java.base/jdk.internal.reflect.NativeMethodAccessorImpl.invoke0(Native Method)
	at java.base/jdk.internal.reflect.NativeMethodAccessorImpl.invoke(NativeMethodAccessorImpl.java:77)
	at java.base/jdk.internal.reflect.DelegatingMethodAccessorImpl.invoke(DelegatingMethodAccessorImpl.java:43)
	at java.base/java.lang.reflect.Method.invoke(Method.java:568)
	at org.testng.internal.invokers.MethodInvocationHelper.invokeMethod(MethodInvocationHelper.java:141)
	at org.testng.internal.invokers.TestInvoker.invokeMethod(TestInvoker.java:686)
	at org.testng.internal.invokers.TestInvoker.invokeTestMethod(TestInvoker.java:230)
	at org.testng.internal.invokers.TestMethodWithDataProviderMethodWorker.call(TestMethodWithDataProviderMethodWorker.java:81)
	at org.testng.internal.thread.Async$AsyncTask.run(Async.java:34)
	at java.base/java.util.concurrent.ThreadPoolExecutor.runWorker(ThreadPoolExecutor.java:1136)
	at java.base/java.util.concurrent.ThreadPoolExecutor$Worker.run(ThreadPoolExecutor.java:635)
	at java.base/java.lang.Thread.run(Thread.java:842)
]]></failure>
    <system-out><![CDATA[
@Array @BOLTryEditorPageNegative @Array_TC_019
Scenario Outline: Validating Try here Page for negative input through the Arrays using List Page # src/test/resources/features/Array.feature:147
  Then the User should get navigated to the Squares of a Sorted Array Page           # stepdefinitions.ArrayStep.the_user_should_get_navigated_to_the_squares_of_a_sorted_array_page()
The Expected results are :You are logged in
[INFO ] 2024-10-21 00:37:07.672 [TestNG-PoolService-10] LoggerLoad - User Enter Login credential with username as " DreamTeam" and password as" Dre@mTe@m123" 
  Given the User is on the Try Editor page through the Arrays using List                 # stepdefinitions.ArrayStep.the_user_is_on_the_try_editor_page_through_the_arrays_using_list()
  When The User enters the valid username and password "LoginCredentials"                        # stepdefinitions.LoginStep.the_user_enters_the_valid_username_and_password(java.lang.String)
  Given the User is on the Try Editor page through the Arrays using List                         # stepdefinitions.ArrayStep.the_user_is_on_the_try_editor_page_through_the_arrays_using_list()
print hello
  When The User enters the valid username and password "LoginCredentials"                  # stepdefinitions.LoginStep.the_user_enters_the_valid_username_and_password(java.lang.String)
  When the User enters a sample code as "print hello" in the Editor section and click Run        # stepdefinitions.CommonStepDefinitions.the_user_enters_a_sample_code_as_in_the_editor_section_and_click_run(java.lang.String)
[INFO ] 2024-10-21 00:37:09.584 [TestNG-PoolService-9] LoggerLoad - actual error NameError: name 'hello' is not defined on line 1
  Then the User should get the "NameError: name 'hello' is not defined on line 1" in the alert   # stepdefinitions.CommonStepDefinitions.the_user_should_get_the_in_the_alert(java.lang.String)
  Given the User is on the Arrays using List page                                          # stepdefinitions.ArrayStep.the_user_is_on_the_arrays_using_list_page()
[INFO ] 2024-10-21 00:37:10.826 [TestNG-PoolService-3] LoggerLoad - The user is on the Login page.
  Given The User is on the login page                                                          # stepdefinitions.LoginStep.the_user_is_on_the_login_page()
  When the User enters the following code in the Editor section and clicks Run           # stepdefinitions.CommonStepDefinitions.the_User_enters_the_following_code_in_the_Editor_section_and_clicks_Run(io.cucumber.datatable.DataTable)
    | code           | output |
    | print("Hello") | Hello  |
    | print(1234)    | 1234   |
[INFO ] 2024-10-21 00:37:10.841 [TestNG-PoolService-6] LoggerLoad - Actual Output: Hello Expected Output: Hello
[INFO ] 2024-10-21 00:37:10.842 [TestNG-PoolService-6] LoggerLoad - Actual Output: 1234 Expected Output: 1234
  Then the User should get the correct output on the screen                              # stepdefinitions.CommonStepDefinitions.the_User_should_get_the_correct_output_on_the_screen()
]]></system-out>
    <system-err><![CDATA[Oct 21, 2024 12:37:08 AM org.openqa.selenium.devtools.CdpVersionFinder findNearestMatch
WARNING: Unable to find an exact match for CDP version 129, returning the closest version; found: 128; Please update to a Selenium version that supports CDP version 129
Oct 21, 2024 12:37:08 AM org.openqa.selenium.devtools.CdpVersionFinder findNearestMatch
WARNING: Unable to find an exact match for CDP version 129, returning the closest version; found: 128; Please update to a Selenium version that supports CDP version 129
]]></system-err>
  </testcase>
  <testcase name="runScenario[&quot;Validating the Squares of a Sorted Array in Array in Python Page&quot;, &quot;DsPortal Array Page Functionality&quot;](13)" classname="runner.TestRunner" time="1.455">
    <system-out><![CDATA[
@Array @BOLTryEditorPageNegative @Array_TC_019
Scenario Outline: Validating Try here Page for negative input through the Arrays using List Page # src/test/resources/features/Array.feature:148
  When the User clicks Practice Questions link in the Arrays using List Page               # stepdefinitions.ArrayStep.the_user_clicks_practice_questions_link_in_the_arrays_using_list_page()
  Then the User should get navigated to the Practice Questions Page from Arrays using List # stepdefinitions.ArrayStep.the_user_should_get_navigated_to_the_practice_questions_page_from_arrays_using_list()
The Expected results are :You are logged in
[INFO ] 2024-10-21 00:37:11.494 [TestNG-PoolService-3] LoggerLoad - User Enter Login credential with username as " DreamTeam" and password as" Dre@mTe@m123" 
[INFO ] 2024-10-21 00:37:12.101 [TestNG-PoolService-5] LoggerLoad - The user is on the Login page.
  Given The User is on the login page                                          # stepdefinitions.LoginStep.the_user_is_on_the_login_page()
]]></system-out>
    <system-err><![CDATA[Oct 21, 2024 12:37:12 AM org.openqa.selenium.devtools.CdpVersionFinder findNearestMatch
WARNING: Unable to find an exact match for CDP version 129, returning the closest version; found: 128; Please update to a Selenium version that supports CDP version 129
]]></system-err>
  </testcase>
  <testcase name="runScenario[&quot;Validating Try here Page for negative input through the Arrays using List Page&quot;, &quot;DsPortal Array Page Functionality&quot;](14)" classname="runner.TestRunner" time="0.013"/>
  <testcase name="runScenario[&quot;Validating Try here Page for positive input through the Arrays using List Page&quot;, &quot;DsPortal Array Page Functionality&quot;](15)" classname="runner.TestRunner" time="0.031">
    <system-out><![CDATA[
@Array @BOLPracQns @BOLPracQnsTC_020
Scenario: Validating Practice Questions link in Basic Operations in Lists Page                         # src/test/resources/features/Array.feature:151
]]></system-out>
  </testcase>
  <testcase name="runScenario[&quot;Validating Practice Questions link in Arrays using List Page&quot;, &quot;DsPortal Array Page Functionality&quot;](16)" classname="runner.TestRunner" time="0.017"/>
  <testcase name="runScenario[&quot;Validating Try here button in Basic Operations in Lists Page&quot;, &quot;DsPortal Array Page Functionality&quot;](17)" classname="runner.TestRunner" time="10.796">
    <failure message="Step [the User should get navigated to the Try Editor Page from the Basic Operations in Lists] is defined with 0 parameters at &apos;stepdefinitions.ArrayStep.the_user_should_get_navigated_to_the_try_editor_page_from_the_basic_operations_in_lists()&apos;.&#10;However, the gherkin step has 1 arguments:&#10; * Table:&#10;&#10;Step text: the User should get navigated to the Try Editor Page from the Basic Operations in Lists" type="io.cucumber.core.exception.CucumberException"><![CDATA[io.cucumber.core.exception.CucumberException: 
Step [the User should get navigated to the Try Editor Page from the Basic Operations in Lists] is defined with 0 parameters at 'stepdefinitions.ArrayStep.the_user_should_get_navigated_to_the_try_editor_page_from_the_basic_operations_in_lists()'.
However, the gherkin step has 1 arguments:
 * Table:

Step text: the User should get navigated to the Try Editor Page from the Basic Operations in Lists
	at io.cucumber.core.runner.PickleStepDefinitionMatch.arityMismatch(PickleStepDefinitionMatch.java:83)
	at io.cucumber.core.runner.PickleStepDefinitionMatch.runStep(PickleStepDefinitionMatch.java:42)
	at io.cucumber.core.runner.ExecutionMode$1.execute(ExecutionMode.java:10)
	at io.cucumber.core.runner.TestStep.executeStep(TestStep.java:81)
	at io.cucumber.core.runner.TestStep.run(TestStep.java:53)
	at io.cucumber.core.runner.PickleStepTestStep.run(PickleStepTestStep.java:51)
	at io.cucumber.core.runner.TestCase.run(TestCase.java:84)
	at io.cucumber.core.runner.Runner.runPickle(Runner.java:75)
	at io.cucumber.testng.TestNGCucumberRunner.lambda$runScenario$1(TestNGCucumberRunner.java:132)
	at io.cucumber.core.runtime.CucumberExecutionContext.lambda$runTestCase$5(CucumberExecutionContext.java:136)
	at io.cucumber.core.runtime.RethrowingThrowableCollector.executeAndThrow(RethrowingThrowableCollector.java:23)
	at io.cucumber.core.runtime.CucumberExecutionContext.runTestCase(CucumberExecutionContext.java:136)
	at io.cucumber.testng.TestNGCucumberRunner.runScenario(TestNGCucumberRunner.java:129)
	at io.cucumber.testng.AbstractTestNGCucumberTests.runScenario(AbstractTestNGCucumberTests.java:35)
	at java.base/jdk.internal.reflect.NativeMethodAccessorImpl.invoke0(Native Method)
	at java.base/jdk.internal.reflect.NativeMethodAccessorImpl.invoke(NativeMethodAccessorImpl.java:77)
	at java.base/jdk.internal.reflect.DelegatingMethodAccessorImpl.invoke(DelegatingMethodAccessorImpl.java:43)
	at java.base/java.lang.reflect.Method.invoke(Method.java:568)
	at org.testng.internal.invokers.MethodInvocationHelper.invokeMethod(MethodInvocationHelper.java:141)
	at org.testng.internal.invokers.TestInvoker.invokeMethod(TestInvoker.java:686)
	at org.testng.internal.invokers.TestInvoker.invokeTestMethod(TestInvoker.java:230)
	at org.testng.internal.invokers.TestMethodWithDataProviderMethodWorker.call(TestMethodWithDataProviderMethodWorker.java:81)
	at org.testng.internal.thread.Async$AsyncTask.run(Async.java:34)
	at java.base/java.util.concurrent.ThreadPoolExecutor.runWorker(ThreadPoolExecutor.java:1136)
	at java.base/java.util.concurrent.ThreadPoolExecutor$Worker.run(ThreadPoolExecutor.java:635)
	at java.base/java.lang.Thread.run(Thread.java:842)
]]></failure>
    <system-out><![CDATA[
@Array @AOA @AOATC_021
Scenario: Validating the Applications of Array link in Array Module Page   # src/test/resources/features/Array.feature:157

@Array @AOATryEditor @AOAEditorTC_022
Scenario: Validating Try here button in Applications of Array Page                     # src/test/resources/features/Array.feature:163
The Expected results are :You are logged in
[INFO ] 2024-10-21 00:37:12.585 [TestNG-PoolService-5] LoggerLoad - User Enter Login credential with username as " DreamTeam" and password as" Dre@mTe@m123" 

@Array @AOATryEditorPagePositive @Array_TC_023
Scenario: Validating Try here Page for positive input through the Applications of Array Page # src/test/resources/features/Array.feature:169
  When The User enters the valid username and password "LoginCredentials"                      # stepdefinitions.LoginStep.the_user_enters_the_valid_username_and_password(java.lang.String)
  Given the User is on the Try Editor page through the Arrays using List                         # stepdefinitions.ArrayStep.the_user_is_on_the_try_editor_page_through_the_arrays_using_list()
aer234@$
  Given the User is on the Basic Operations in Lists page                                      # stepdefinitions.ArrayStep.the_user_is_on_the_basic_operations_in_lists_page()
  When the User enters a sample code as "aer234@$" in the Editor section and click Run           # stepdefinitions.CommonStepDefinitions.the_user_enters_a_sample_code_as_in_the_editor_section_and_click_run(java.lang.String)
[INFO ] 2024-10-21 00:37:14.415 [TestNG-PoolService-8] LoggerLoad - actual error SyntaxError: bad token T_OP on line 1
  Then the User should get the "SyntaxError: bad token T_OP on line 1" in the alert              # stepdefinitions.CommonStepDefinitions.the_user_should_get_the_in_the_alert(java.lang.String)
  When The User enters the valid username and password "LoginCredentials"      # stepdefinitions.LoginStep.the_user_enters_the_valid_username_and_password(java.lang.String)
[INFO ] 2024-10-21 00:37:14.739 [TestNG-PoolService-7] LoggerLoad - The user is on the Login page.
  Given The User is on the login page                                                            # stepdefinitions.LoginStep.the_user_is_on_the_login_page()
  Given the User is on the Array Module page                                   # stepdefinitions.ArrayStep.the_user_is_on_the_array_module_page()
The Expected results are :You are logged in
[INFO ] 2024-10-21 00:37:15.362 [TestNG-PoolService-7] LoggerLoad - User Enter Login credential with username as " DreamTeam" and password as" Dre@mTe@m123" 
[INFO ] 2024-10-21 00:37:16.498 [TestNG-PoolService-4] LoggerLoad - The user is on the Login page.
  Given The User is on the login page                                                            # stepdefinitions.LoginStep.the_user_is_on_the_login_page()
  When the User clicks Basic Operations in Lists link in the Array Module Page # stepdefinitions.ArrayStep.the_user_clicks_basic_operations_in_lists_link_in_the_array_module_page()
  Then the User should get navigated to the Basic Operations in Lists Page     # stepdefinitions.ArrayStep.the_user_should_get_navigated_to_the_basic_operations_in_lists_page()
The Expected results are :You are logged in
[INFO ] 2024-10-21 00:37:17.199 [TestNG-PoolService-4] LoggerLoad - User Enter Login credential with username as " DreamTeam" and password as" Dre@mTe@m123" 
  When the User clicks the Try here in Basic Operations in Lists Page                          # stepdefinitions.ArrayStep.the_user_clicks_the_try_here_in_basic_operations_in_lists_page()
  Then the User should get navigated to the Try Editor Page from the Basic Operations in Lists # stepdefinitions.ArrayStep.the_user_should_get_navigated_to_the_try_editor_page_from_the_basic_operations_in_lists()
      io.cucumber.core.exception.CucumberException: Step [the User should get navigated to the Try Editor Page from the Basic Operations in Lists] is defined with 0 parameters at 'stepdefinitions.ArrayStep.the_user_should_get_navigated_to_the_try_editor_page_from_the_basic_operations_in_lists()'.
However, the gherkin step has 1 arguments:
 * Table:

Step text: the User should get navigated to the Try Editor Page from the Basic Operations in Lists
	at io.cucumber.core.runner.PickleStepDefinitionMatch.arityMismatch(PickleStepDefinitionMatch.java:83)
	at io.cucumber.core.runner.PickleStepDefinitionMatch.runStep(PickleStepDefinitionMatch.java:42)
	at io.cucumber.core.runner.ExecutionMode$1.execute(ExecutionMode.java:10)
	at io.cucumber.core.runner.TestStep.executeStep(TestStep.java:81)
	at io.cucumber.core.runner.TestStep.run(TestStep.java:53)
	at io.cucumber.core.runner.PickleStepTestStep.run(PickleStepTestStep.java:51)
	at io.cucumber.core.runner.TestCase.run(TestCase.java:84)
	at io.cucumber.core.runner.Runner.runPickle(Runner.java:75)
	at io.cucumber.testng.TestNGCucumberRunner.lambda$runScenario$1(TestNGCucumberRunner.java:132)
	at io.cucumber.core.runtime.CucumberExecutionContext.lambda$runTestCase$5(CucumberExecutionContext.java:136)
	at io.cucumber.core.runtime.RethrowingThrowableCollector.executeAndThrow(RethrowingThrowableCollector.java:23)
	at io.cucumber.core.runtime.CucumberExecutionContext.runTestCase(CucumberExecutionContext.java:136)
	at io.cucumber.testng.TestNGCucumberRunner.runScenario(TestNGCucumberRunner.java:129)
	at io.cucumber.testng.AbstractTestNGCucumberTests.runScenario(AbstractTestNGCucumberTests.java:35)
	at java.base/jdk.internal.reflect.NativeMethodAccessorImpl.invoke0(Native Method)
	at java.base/jdk.internal.reflect.NativeMethodAccessorImpl.invoke(NativeMethodAccessorImpl.java:77)
	at java.base/jdk.internal.reflect.DelegatingMethodAccessorImpl.invoke(DelegatingMethodAccessorImpl.java:43)
	at java.base/java.lang.reflect.Method.invoke(Method.java:568)
	at org.testng.internal.invokers.MethodInvocationHelper.invokeMethod(MethodInvocationHelper.java:141)
	at org.testng.internal.invokers.TestInvoker.invokeMethod(TestInvoker.java:686)
	at org.testng.internal.invokers.TestInvoker.invokeTestMethod(TestInvoker.java:230)
	at org.testng.internal.invokers.TestMethodWithDataProviderMethodWorker.call(TestMethodWithDataProviderMethodWorker.java:81)
	at org.testng.internal.thread.Async$AsyncTask.run(Async.java:34)
	at java.base/java.util.concurrent.ThreadPoolExecutor.runWorker(ThreadPoolExecutor.java:1136)
	at java.base/java.util.concurrent.ThreadPoolExecutor$Worker.run(ThreadPoolExecutor.java:635)
	at java.base/java.lang.Thread.run(Thread.java:842)

  When The User enters the valid username and password "LoginCredentials"                        # stepdefinitions.LoginStep.the_user_enters_the_valid_username_and_password(java.lang.String)

    Embedding Validating Try here button in Basic Operations in Lists Page [image/png 7635 bytes]

  When The User enters the valid username and password "LoginCredentials"                        # stepdefinitions.LoginStep.the_user_enters_the_valid_username_and_password(java.lang.String)
[INFO ] 2024-10-21 00:37:19.488 [TestNG-PoolService-2] LoggerLoad - The user is on the Login page.
  Given The User is on the login page                                                            # stepdefinitions.LoginStep.the_user_is_on_the_login_page()
The Expected results are :You are logged in
[INFO ] 2024-10-21 00:37:20.204 [TestNG-PoolService-2] LoggerLoad - User Enter Login credential with username as " DreamTeam" and password as" Dre@mTe@m123" 
  Given the User is on the Try Editor page through the Basic Operations in Lists Page            # stepdefinitions.ArrayStep.the_user_is_on_the_try_editor_page_through_the_basic_operations_in_lists_page()
  When The User enters the valid username and password "LoginCredentials"                        # stepdefinitions.LoginStep.the_user_enters_the_valid_username_and_password(java.lang.String)
[INFO ] 2024-10-21 00:37:22.258 [TestNG-PoolService-9] LoggerLoad - The user is on the Login page.
  Given The User is on the login page                                      # stepdefinitions.LoginStep.the_user_is_on_the_login_page()
[INFO ] 2024-10-21 00:37:22.855 [TestNG-PoolService-6] LoggerLoad - The user is on the Login page.
  Given The User is on the login page                                                  # stepdefinitions.LoginStep.the_user_is_on_the_login_page()
[INFO ] 2024-10-21 00:37:22.920 [TestNG-PoolService-1] LoggerLoad - The user is on the Login page.
[INFO ] 2024-10-21 00:37:22.920 [TestNG-PoolService-10] LoggerLoad - The user is on the Login page.
  Given The User is on the login page                                                                  # stepdefinitions.LoginStep.the_user_is_on_the_login_page()
  Given The User is on the login page                                                        # stepdefinitions.LoginStep.the_user_is_on_the_login_page()
The Expected results are :You are logged in
[INFO ] 2024-10-21 00:37:23.038 [TestNG-PoolService-9] LoggerLoad - User Enter Login credential with username as " DreamTeam" and password as" Dre@mTe@m123" 
]]></system-out>
    <system-err><![CDATA[Oct 21, 2024 12:37:13 AM org.openqa.selenium.devtools.CdpVersionFinder findNearestMatch
WARNING: Unable to find an exact match for CDP version 129, returning the closest version; found: 128; Please update to a Selenium version that supports CDP version 129
Oct 21, 2024 12:37:16 AM org.openqa.selenium.devtools.CdpVersionFinder findNearestMatch
WARNING: Unable to find an exact match for CDP version 129, returning the closest version; found: 128; Please update to a Selenium version that supports CDP version 129
Oct 21, 2024 12:37:18 AM org.openqa.selenium.devtools.CdpVersionFinder findNearestMatch
WARNING: Unable to find an exact match for CDP version 129, returning the closest version; found: 128; Please update to a Selenium version that supports CDP version 129
Oct 21, 2024 12:37:19 AM org.openqa.selenium.devtools.CdpVersionFinder findNearestMatch
WARNING: Unable to find an exact match for CDP version 129, returning the closest version; found: 128; Please update to a Selenium version that supports CDP version 129
Oct 21, 2024 12:37:20 AM org.openqa.selenium.devtools.CdpVersionFinder findNearestMatch
WARNING: Unable to find an exact match for CDP version 129, returning the closest version; found: 128; Please update to a Selenium version that supports CDP version 129
Oct 21, 2024 12:37:20 AM org.openqa.selenium.devtools.CdpVersionFinder findNearestMatch
WARNING: Unable to find an exact match for CDP version 129, returning the closest version; found: 128; Please update to a Selenium version that supports CDP version 129
]]></system-err>
  </testcase>
  <testcase name="runScenario[&quot;Validating the Basic Operations in Lists link in Array Module Page&quot;, &quot;DsPortal Array Page Functionality&quot;](18)" classname="runner.TestRunner" time="0.056">
    <system-out><![CDATA[
@Array @AOATryEditorPageNegative @Array_TC_024
Scenario Outline: Validating Try here Page for negative input through the Applications of Array Page # src/test/resources/features/Array.feature:186
The Expected results are :You are logged in
[INFO ] 2024-10-21 00:37:23.392 [TestNG-PoolService-6] LoggerLoad - User Enter Login credential with username as " DreamTeam" and password as" Dre@mTe@m123" 
]]></system-out>
  </testcase>
  <testcase name="runScenario[&quot;Validating Try here Page for positive input through the Basic Operations in Lists Page&quot;, &quot;DsPortal Array Page Functionality&quot;](19)" classname="runner.TestRunner" time="1.221">
    <system-out><![CDATA[The Expected results are :You are logged in
[INFO ] 2024-10-21 00:37:23.441 [TestNG-PoolService-1] LoggerLoad - User Enter Login credential with username as " DreamTeam" and password as" Dre@mTe@m123" 

@Array @AOATryEditorPageNegative @Array_TC_024
Scenario Outline: Validating Try here Page for negative input through the Applications of Array Page # src/test/resources/features/Array.feature:187
The Expected results are :You are logged in
[INFO ] 2024-10-21 00:37:23.568 [TestNG-PoolService-10] LoggerLoad - User Enter Login credential with username as " DreamTeam" and password as" Dre@mTe@m123" 
  Given the User is on the Try Editor page through the Basic Operations in Lists Page            # stepdefinitions.ArrayStep.the_user_is_on_the_try_editor_page_through_the_basic_operations_in_lists_page()
print hello
  When The User enters the valid username and password "LoginCredentials"  # stepdefinitions.LoginStep.the_user_enters_the_valid_username_and_password(java.lang.String)
  When the User enters the following code in the Editor section and clicks Run                   # stepdefinitions.CommonStepDefinitions.the_User_enters_the_following_code_in_the_Editor_section_and_clicks_Run(io.cucumber.datatable.DataTable)
    | code           | output |
    | print("Hello") | Hello  |
    | print(1234)    | 1234   |
[INFO ] 2024-10-21 00:37:24.213 [TestNG-PoolService-7] LoggerLoad - Actual Output: Hello Expected Output: Hello
[INFO ] 2024-10-21 00:37:24.213 [TestNG-PoolService-7] LoggerLoad - Actual Output: 1234 Expected Output: 1234
  Then the User should get the correct output on the screen                                      # stepdefinitions.CommonStepDefinitions.the_User_should_get_the_correct_output_on_the_screen()
  When the User enters a sample code as "print hello" in the Editor section and click Run        # stepdefinitions.CommonStepDefinitions.the_user_enters_a_sample_code_as_in_the_editor_section_and_click_run(java.lang.String)
[INFO ] 2024-10-21 00:37:24.498 [TestNG-PoolService-4] LoggerLoad - actual error NameError: name 'hello' is not defined on line 1
  Then the User should get the "NameError: name 'hello' is not defined on line 1" in the alert   # stepdefinitions.CommonStepDefinitions.the_user_should_get_the_in_the_alert(java.lang.String)
]]></system-out>
  </testcase>
  <testcase name="runScenario[&quot;Validating Try here Page for negative input through the Arrays using List Page&quot;, &quot;DsPortal Array Page Functionality&quot;](20)" classname="runner.TestRunner" time="0.429">
    <system-out><![CDATA[
@Array @AOAPracQns @AOAPracQnsTC_025
Scenario: Validating Practice Questions link in Applications of Array Page                         # src/test/resources/features/Array.feature:190
  When The User enters the valid username and password "LoginCredentials"              # stepdefinitions.LoginStep.the_user_enters_the_valid_username_and_password(java.lang.String)
  When The User enters the valid username and password "LoginCredentials"                              # stepdefinitions.LoginStep.the_user_enters_the_valid_username_and_password(java.lang.String)
  Given the User is on the Array Module page                               # stepdefinitions.ArrayStep.the_user_is_on_the_array_module_page()
  When The User enters the valid username and password "LoginCredentials"                    # stepdefinitions.LoginStep.the_user_enters_the_valid_username_and_password(java.lang.String)
]]></system-out>
  </testcase>
  <testcase name="runScenario[&quot;Validating Try here Page for negative input through the Arrays using List Page&quot;, &quot;DsPortal Array Page Functionality&quot;](21)" classname="runner.TestRunner" time="0.063">
    <system-out><![CDATA[
@Array @PracQns1RunButton @Array_TC_026
Scenario Outline: Validating Run button with valid and invalid code in Search the Array Page # src/test/resources/features/Array.feature:204
]]></system-out>
  </testcase>
  <testcase name="runScenario[&quot;Validating the Applications of Array link in Array Module Page&quot;, &quot;DsPortal Array Page Functionality&quot;](22)" classname="runner.TestRunner" time="5.275">
    <system-out><![CDATA[
@Array @PracQns1RunButton @Array_TC_026
Scenario Outline: Validating Run button with valid and invalid code in Search the Array Page # src/test/resources/features/Array.feature:205
  When the User clicks Applications of Array link in the Array Module Page # stepdefinitions.ArrayStep.the_user_clicks_applications_of_array_link_in_the_array_module_page()
  Then the User should get navigated to the Applications of Array Page     # stepdefinitions.ArrayStep.the_user_should_get_navigated_to_the_applications_of_array_page()
  Given the User is on the Applications of Array page                                  # stepdefinitions.ArrayStep.the_user_is_on_the_applications_of_array_page()
  Given the User is on the Basic Operations in Lists page                                              # stepdefinitions.ArrayStep.the_user_is_on_the_basic_operations_in_lists_page()
  Given the User is on the Try Editor page through the Basic Operations in Lists Page            # stepdefinitions.ArrayStep.the_user_is_on_the_try_editor_page_through_the_basic_operations_in_lists_page()
aer234@$
  When the User clicks Practice Questions link in the Basic Operations in Lists Page                   # stepdefinitions.ArrayStep.the_user_clicks_practice_questions_link_in_the_basic_operations_in_lists_page()
  When the User enters a sample code as "aer234@$" in the Editor section and click Run           # stepdefinitions.CommonStepDefinitions.the_user_enters_a_sample_code_as_in_the_editor_section_and_click_run(java.lang.String)
[INFO ] 2024-10-21 00:37:27.423 [TestNG-PoolService-2] LoggerLoad - actual error SyntaxError: bad token T_OP on line 1
  Then the User should get the "SyntaxError: bad token T_OP on line 1" in the alert              # stepdefinitions.CommonStepDefinitions.the_user_should_get_the_in_the_alert(java.lang.String)
  Then the User should get navigated to the Practice Questions Page from the Basic Operations in Lists # stepdefinitions.ArrayStep.the_user_should_get_navigated_to_the_practice_questions_page_from_the_basic_operations_in_lists()
  When the User clicks the Try here in Applications of Array Page                      # stepdefinitions.ArrayStep.the_user_clicks_the_try_here_in_applications_of_array_page()
  Then the User should get navigated to the Try Editor Page from Applications of Array # stepdefinitions.ArrayStep.the_user_should_get_navigated_to_the_try_editor_page_from_applications_of_array()
  Given the User is on the Try Editor page through the Applications of Array Page            # stepdefinitions.ArrayStep.the_user_is_on_the_try_editor_page_through_the_applications_of_array_page()
]]></system-out>
    <system-err><![CDATA[Oct 21, 2024 12:37:27 AM org.openqa.selenium.devtools.CdpVersionFinder findNearestMatch
WARNING: Unable to find an exact match for CDP version 129, returning the closest version; found: 128; Please update to a Selenium version that supports CDP version 129
Oct 21, 2024 12:37:28 AM org.openqa.selenium.devtools.CdpVersionFinder findNearestMatch
WARNING: Unable to find an exact match for CDP version 129, returning the closest version; found: 128; Please update to a Selenium version that supports CDP version 129
]]></system-err>
  </testcase>
  <testcase name="runScenario[&quot;Validating Practice Questions link in Basic Operations in Lists Page&quot;, &quot;DsPortal Array Page Functionality&quot;](23)" classname="runner.TestRunner" time="1.379">
    <system-out><![CDATA[
@Array @PracQns1SubmitButton @Array_TC_027
Scenario Outline: Validating Submit button with valid and invalid code in Search the Array Page # src/test/resources/features/Array.feature:215
[INFO ] 2024-10-21 00:37:31.100 [TestNG-PoolService-3] LoggerLoad - The user is on the Login page.
  Given The User is on the login page                                                                # stepdefinitions.LoginStep.the_user_is_on_the_login_page()
[INFO ] 2024-10-21 00:37:31.674 [TestNG-PoolService-5] LoggerLoad - The user is on the Login page.
  Given The User is on the login page                                                                # stepdefinitions.LoginStep.the_user_is_on_the_login_page()
]]></system-out>
    <system-err><![CDATA[Oct 21, 2024 12:37:30 AM org.openqa.selenium.devtools.CdpVersionFinder findNearestMatch
WARNING: Unable to find an exact match for CDP version 129, returning the closest version; found: 128; Please update to a Selenium version that supports CDP version 129
Oct 21, 2024 12:37:30 AM org.openqa.selenium.devtools.CdpVersionFinder findNearestMatch
WARNING: Unable to find an exact match for CDP version 129, returning the closest version; found: 128; Please update to a Selenium version that supports CDP version 129
Oct 21, 2024 12:37:30 AM org.openqa.selenium.devtools.CdpVersionFinder findNearestMatch
WARNING: Unable to find an exact match for CDP version 129, returning the closest version; found: 128; Please update to a Selenium version that supports CDP version 129
]]></system-err>
  </testcase>
  <testcase name="runScenario[&quot;Validating Try here button in Applications of Array Page&quot;, &quot;DsPortal Array Page Functionality&quot;](24)" classname="runner.TestRunner" time="1.488">
    <system-out><![CDATA[
@Array @PracQns2RunButton @Array_TC_028
Scenario Outline: Validating Run button with valid and invalid code in Max Consecutive Ones Page # src/test/resources/features/Array.feature:226
The Expected results are :You are logged in
[INFO ] 2024-10-21 00:37:31.951 [TestNG-PoolService-3] LoggerLoad - User Enter Login credential with username as " DreamTeam" and password as" Dre@mTe@m123" 
The Expected results are :You are logged in
[INFO ] 2024-10-21 00:37:32.350 [TestNG-PoolService-5] LoggerLoad - User Enter Login credential with username as " DreamTeam" and password as" Dre@mTe@m123" 
[INFO ] 2024-10-21 00:37:33.149 [TestNG-PoolService-4] LoggerLoad - The user is on the Login page.
  Given The User is on the login page                                                        # stepdefinitions.LoginStep.the_user_is_on_the_login_page()
[INFO ] 2024-10-21 00:37:33.193 [TestNG-PoolService-7] LoggerLoad - The user is on the Login page.
  Given The User is on the login page                                                              # stepdefinitions.LoginStep.the_user_is_on_the_login_page()
[INFO ] 2024-10-21 00:37:33.248 [TestNG-PoolService-8] LoggerLoad - The user is on the Login page.
  Given The User is on the login page                                                        # stepdefinitions.LoginStep.the_user_is_on_the_login_page()
]]></system-out>
  </testcase>
  <testcase name="runScenario[&quot;Validating Try here Page for negative input through the Arrays using List Page&quot;, &quot;DsPortal Array Page Functionality&quot;](25)" classname="runner.TestRunner" time="0.775">
    <system-out><![CDATA[
@Array @PracQns2RunButton @Array_TC_028
Scenario Outline: Validating Run button with valid and invalid code in Max Consecutive Ones Page # src/test/resources/features/Array.feature:227
  When The User enters the valid username and password "LoginCredentials"                            # stepdefinitions.LoginStep.the_user_enters_the_valid_username_and_password(java.lang.String)
  When the User enters the following code in the Editor section and clicks Run               # stepdefinitions.CommonStepDefinitions.the_User_enters_the_following_code_in_the_Editor_section_and_clicks_Run(io.cucumber.datatable.DataTable)
    | code           | output |
    | print("Hello") | Hello  |
    | print(1234)    | 1234   |
[INFO ] 2024-10-21 00:37:33.732 [TestNG-PoolService-10] LoggerLoad - Actual Output: Hello Expected Output: Hello
[INFO ] 2024-10-21 00:37:33.732 [TestNG-PoolService-10] LoggerLoad - Actual Output: 1234 Expected Output: 1234
  Then the User should get the correct output on the screen                                  # stepdefinitions.CommonStepDefinitions.the_User_should_get_the_correct_output_on_the_screen()
The Expected results are :You are logged in
[INFO ] 2024-10-21 00:37:33.746 [TestNG-PoolService-7] LoggerLoad - User Enter Login credential with username as " DreamTeam" and password as" Dre@mTe@m123" 
The Expected results are :You are logged in
[INFO ] 2024-10-21 00:37:33.804 [TestNG-PoolService-8] LoggerLoad - User Enter Login credential with username as " DreamTeam" and password as" Dre@mTe@m123" 
  When The User enters the valid username and password "LoginCredentials"                            # stepdefinitions.LoginStep.the_user_enters_the_valid_username_and_password(java.lang.String)
The Expected results are :You are logged in
[INFO ] 2024-10-21 00:37:33.896 [TestNG-PoolService-4] LoggerLoad - User Enter Login credential with username as " DreamTeam" and password as" Dre@mTe@m123" 
]]></system-out>
  </testcase>
  <testcase name="runScenario[&quot;Validating Try here Page for positive input through the Applications of Array Page&quot;, &quot;DsPortal Array Page Functionality&quot;](26)" classname="runner.TestRunner" time="2.351">
    <system-out><![CDATA[
@Array @PracQns2SubmitButton @Array_TC_029
Scenario Outline: Validating Submit button with valid and invalid code in Max Consecutive Ones Page # src/test/resources/features/Array.feature:237
  When The User enters the valid username and password "LoginCredentials"                          # stepdefinitions.LoginStep.the_user_enters_the_valid_username_and_password(java.lang.String)
  When The User enters the valid username and password "LoginCredentials"                    # stepdefinitions.LoginStep.the_user_enters_the_valid_username_and_password(java.lang.String)
  When The User enters the valid username and password "LoginCredentials"                    # stepdefinitions.LoginStep.the_user_enters_the_valid_username_and_password(java.lang.String)
  Given the User is on the Applications of Array page                                              # stepdefinitions.ArrayStep.the_user_is_on_the_applications_of_array_page()
]]></system-out>
    <system-err><![CDATA[Oct 21, 2024 12:37:35 AM org.openqa.selenium.devtools.CdpVersionFinder findNearestMatch
WARNING: Unable to find an exact match for CDP version 129, returning the closest version; found: 128; Please update to a Selenium version that supports CDP version 129
]]></system-err>
  </testcase>
  <testcase name="runScenario[&quot;Validating Practice Questions link in Applications of Array Page&quot;, &quot;DsPortal Array Page Functionality&quot;](27)" classname="runner.TestRunner" time="6.376">
    <system-out><![CDATA[  Given the User is on the Try Editor page through the Applications of Array Page                    # stepdefinitions.ArrayStep.the_user_is_on_the_try_editor_page_through_the_applications_of_array_page()
print hello

@Array @PracQns3RunButton @Array_TC_030
Scenario Outline: Validating Run button with valid and invalid code in Find Numbers with Even Number of Digits Page # src/test/resources/features/Array.feature:248
  When the User enters a sample code as "print hello" in the Editor section and click Run            # stepdefinitions.CommonStepDefinitions.the_user_enters_a_sample_code_as_in_the_editor_section_and_click_run(java.lang.String)
  When the User clicks Practice Questions link in the Applications of Array Page                   # stepdefinitions.ArrayStep.the_user_clicks_practice_questions_link_in_the_applications_of_array_page()
[INFO ] 2024-10-21 00:37:37.554 [TestNG-PoolService-3] LoggerLoad - actual error NameError: name 'hello' is not defined on line 1
  Then the User should get the "NameError: name 'hello' is not defined on line 1" in the alert       # stepdefinitions.CommonStepDefinitions.the_user_should_get_the_in_the_alert(java.lang.String)
  Then the User should get navigated to the Practice Questions Page from the Applications of Array # stepdefinitions.ArrayStep.the_user_should_get_navigated_to_the_practice_questions_page_from_the_applications_of_array()
  Given the User is on the Try Editor page through the Applications of Array Page                    # stepdefinitions.ArrayStep.the_user_is_on_the_try_editor_page_through_the_applications_of_array_page()
aer234@$
[INFO ] 2024-10-21 00:37:40.286 [TestNG-PoolService-9] LoggerLoad - The user is on the Login page.
  Given The User is on the login page                                                           # stepdefinitions.LoginStep.the_user_is_on_the_login_page()
  When the User enters a sample code as "aer234@$" in the Editor section and click Run               # stepdefinitions.CommonStepDefinitions.the_user_enters_a_sample_code_as_in_the_editor_section_and_click_run(java.lang.String)
[INFO ] 2024-10-21 00:37:40.532 [TestNG-PoolService-5] LoggerLoad - actual error SyntaxError: bad token T_OP on line 1
  Then the User should get the "SyntaxError: bad token T_OP on line 1" in the alert                  # stepdefinitions.CommonStepDefinitions.the_user_should_get_the_in_the_alert(java.lang.String)
  Given the User is on the Search the Array Page                                             # stepdefinitions.ArrayStep.the_user_is_on_the_search_the_array_page()
The Expected results are :You are logged in
[INFO ] 2024-10-21 00:37:41.027 [TestNG-PoolService-9] LoggerLoad - User Enter Login credential with username as " DreamTeam" and password as" Dre@mTe@m123" 
[INFO ] 2024-10-21 00:37:41.078 [TestNG-PoolService-1] LoggerLoad - The user is on the Login page.
  Given The User is on the login page                                                            # stepdefinitions.LoginStep.the_user_is_on_the_login_page()
  Given the User is on the Search the Array Page                                             # stepdefinitions.ArrayStep.the_user_is_on_the_search_the_array_page()
The Expected results are :You are logged in
[INFO ] 2024-10-21 00:37:41.747 [TestNG-PoolService-1] LoggerLoad - User Enter Login credential with username as " DreamTeam" and password as" Dre@mTe@m123" 
  When The User enters the valid username and password "LoginCredentials"                       # stepdefinitions.LoginStep.the_user_enters_the_valid_username_and_password(java.lang.String)
]]></system-out>
    <system-err><![CDATA[Oct 21, 2024 12:37:37 AM org.openqa.selenium.devtools.CdpVersionFinder findNearestMatch
WARNING: Unable to find an exact match for CDP version 129, returning the closest version; found: 128; Please update to a Selenium version that supports CDP version 129
Oct 21, 2024 12:37:39 AM org.openqa.selenium.devtools.CdpVersionFinder findNearestMatch
WARNING: Unable to find an exact match for CDP version 129, returning the closest version; found: 128; Please update to a Selenium version that supports CDP version 129
Oct 21, 2024 12:37:40 AM org.openqa.selenium.devtools.CdpVersionFinder findNearestMatch
WARNING: Unable to find an exact match for CDP version 129, returning the closest version; found: 128; Please update to a Selenium version that supports CDP version 129
Oct 21, 2024 12:37:42 AM org.openqa.selenium.devtools.CdpVersionFinder findNearestMatch
WARNING: Unable to find an exact match for CDP version 129, returning the closest version; found: 128; Please update to a Selenium version that supports CDP version 129
]]></system-err>
  </testcase>
  <testcase name="runScenario[&quot;Validating Try here Page for negative input through the Applications of Array Page&quot;, &quot;DsPortal Array Page Functionality&quot;](28)" classname="runner.TestRunner" time="2.311">
    <system-out><![CDATA[
@Array @PracQns3RunButton @Array_TC_030
Scenario Outline: Validating Run button with valid and invalid code in Find Numbers with Even Number of Digits Page # src/test/resources/features/Array.feature:249
[INFO ] 2024-10-21 00:37:43.254 [TestNG-PoolService-2] LoggerLoad - The user is on the Login page.
  Given The User is on the login page                                                               # stepdefinitions.LoginStep.the_user_is_on_the_login_page()
[INFO ] 2024-10-21 00:37:43.752 [TestNG-PoolService-6] LoggerLoad - The user is on the Login page.
  Given The User is on the login page                                                            # stepdefinitions.LoginStep.the_user_is_on_the_login_page()
  When The User enters the valid username and password "LoginCredentials"                        # stepdefinitions.LoginStep.the_user_enters_the_valid_username_and_password(java.lang.String)
The Expected results are :You are logged in
[INFO ] 2024-10-21 00:37:44.252 [TestNG-PoolService-2] LoggerLoad - User Enter Login credential with username as " DreamTeam" and password as" Dre@mTe@m123" 
The Expected results are :You are logged in
[INFO ] 2024-10-21 00:37:44.742 [TestNG-PoolService-6] LoggerLoad - User Enter Login credential with username as " DreamTeam" and password as" Dre@mTe@m123" 
[INFO ] 2024-10-21 00:37:45.076 [TestNG-PoolService-4] LoggerLoad - TextEditor is not waiting till the Code to be entered
[INFO ] 2024-10-21 00:37:45.156 [TestNG-PoolService-8] LoggerLoad - TextEditor is not waiting till the Code to be entered
[INFO ] 2024-10-21 00:37:45.189 [TestNG-PoolService-10] LoggerLoad - The user is on the Login page.
  Given The User is on the login page                                                                               # stepdefinitions.LoginStep.the_user_is_on_the_login_page()
]]></system-out>
  </testcase>
  <testcase name="runScenario[&quot;Validating Run button with valid and invalid code in Search the Array Page&quot;, &quot;DsPortal Array Page Functionality&quot;](29)" classname="runner.TestRunner" time="1.295">
    <system-out><![CDATA[
@Array @PracQns3SubmitButton @Array_TC_031
Scenario Outline: Validating Submit button with valid and invalid code in Find Numbers with Even Number of Digits Page # src/test/resources/features/Array.feature:259
[INFO ] 2024-10-21 00:37:45.349 [TestNG-PoolService-4] LoggerLoad - TextEditor Run
  When the User enters code from "PracticeQns" in 0 in the Editor section and click Run      # stepdefinitions.ArrayStep.the_user_enters_code_from_in_in_the_editor_section_and_click_run(java.lang.String,int)
  When The User enters the valid username and password "LoginCredentials"                           # stepdefinitions.LoginStep.the_user_enters_the_valid_username_and_password(java.lang.String)
  Then the User should vaidate the expected output in the Practice Questions Output section  # stepdefinitions.ArrayStep.the_User_should_vaidate_the_expected_output_in_the_Practice_Questions_Output_section()
[INFO ] 2024-10-21 00:37:45.474 [TestNG-PoolService-8] LoggerLoad - TextEditor Run
  When the User enters code from "PracticeQns" in 1 in the Editor section and click Run      # stepdefinitions.ArrayStep.the_user_enters_code_from_in_in_the_editor_section_and_click_run(java.lang.String,int)
  Then the User should vaidate the expected output in the Practice Questions Output section  # stepdefinitions.ArrayStep.the_User_should_vaidate_the_expected_output_in_the_Practice_Questions_Output_section()
The Expected results are :You are logged in
[INFO ] 2024-10-21 00:37:46.063 [TestNG-PoolService-10] LoggerLoad - User Enter Login credential with username as " DreamTeam" and password as" Dre@mTe@m123" 
  When The User enters the valid username and password "LoginCredentials"                        # stepdefinitions.LoginStep.the_user_enters_the_valid_username_and_password(java.lang.String)
]]></system-out>
  </testcase>
[...]
  Then the User should get the "NameError: name 'hello' is not defined on line 1" in the alert # stepdefinitions.CommonStepDefinitions.the_user_should_get_the_in_the_alert(java.lang.String)
  Given The User navigates to the Registration page                                                                                # stepdefinitions.RegisterStep.the_user_navigates_to_the_registration_page()
No alert was present during the Register process.
  When The User enter Invalid username and password then confirmPassword from sheet "RegisterPage" and 2 and click register button # stepdefinitions.RegisterStep.the_user_enter_invalid_username_and_password_then_confirm_password_from_sheet_and_and_click_register_button(java.lang.String,int)
Size of userData: [{username=DreamTeam, password=Dre@mTe@m123, password confirmation=Dre@mTe@m123, Expected Output=New Account Created. You are logged in as DreamFocus}, {username=TestStage2, password=dream12356, password confirmation=dream12356, Expected Output=password_mismatch:The two password fields didn’t match.}, {username=DREAMTEAM, password=Dre@mTe@m1288, password confirmation=dre@mTe3456, Expected Output=password_mismatch:The two password fields didn’t match.}, {username=DreamTeaa, password=dre@m3, password confirmation=dre@m3, Expected Output=password_mismatch:The two password fields didn’t match.}, {username=TestStage2, password=, password confirmation=, Expected Output=Please fill out this field.}, {username=, password=teststage3, password confirmation=, Expected Output=Please fill out this field.}, {username=, password=, password confirmation=teststage3, Expected Output=Please fill out this field.}, {username=, password=, password confirmation=, Expected Output=Please fill out this field.}, {username=DreamTeam, password=Dre@mTe@m123, password confirmation=Dre@mTe@m123, Expected Output=password_mismatch:The two password fields didn’t match.}]
[ERROR] 2024-10-21 00:45:46.333 [TestNG-PoolService-9] LoggerLoad - password_mismatch:The two password fields didnâ€™t match.
  Then The User validate the Excepted Output for Registration Page                                                                 # stepdefinitions.RegisterStep.the_user_validate_the_excepted_output_for_registration_page()
  Given The User navigates to the Registration page                                                                                # stepdefinitions.RegisterStep.the_user_navigates_to_the_registration_page()
  Given The User navigates to the Registration page                                                                                # stepdefinitions.RegisterStep.the_user_navigates_to_the_registration_page()
]]></system-out>
    <system-err><![CDATA[Oct 21, 2024 12:45:42 AM org.openqa.selenium.devtools.CdpVersionFinder findNearestMatch
WARNING: Unable to find an exact match for CDP version 129, returning the closest version; found: 128; Please update to a Selenium version that supports CDP version 129
Oct 21, 2024 12:45:44 AM org.openqa.selenium.devtools.CdpVersionFinder findNearestMatch
WARNING: Unable to find an exact match for CDP version 129, returning the closest version; found: 128; Please update to a Selenium version that supports CDP version 129
Oct 21, 2024 12:45:44 AM org.openqa.selenium.devtools.CdpVersionFinder findNearestMatch
WARNING: Unable to find an exact match for CDP version 129, returning the closest version; found: 128; Please update to a Selenium version that supports CDP version 129
]]></system-err>
  </testcase>
  <testcase name="runScenario[&quot;Validate the Practice Questions&quot;, &quot;DS Portal Queue Page Functionality&quot;](253)" classname="runner.TestRunner" time="0.071">
    <failure message="No questions found" type="java.lang.AssertionError"><![CDATA[java.lang.AssertionError: No questions found
	at org.testng.Assert.fail(Assert.java:111)
	at stepdefinitions.QueueStep.the_user_should_navigate_to_queue_practice_page(QueueStep.java:224)
	at ✽.The User should navigate to queue Practice Page(file:///C:/Users/Palanivel/eclipse-workspace/asta_dsalgoBDD/./src/test/resources/features/queue.feature:128)
]]></failure>
    <system-out><![CDATA[Size of userData: [{username=DreamTeam, password=Dre@mTe@m123, password confirmation=Dre@mTe@m123, Expected Output=New Account Created. You are logged in as DreamFocus}, {username=TestStage2, password=dream12356, password confirmation=dream12356, Expected Output=password_mismatch:The two password fields didn’t match.}, {username=DREAMTEAM, password=Dre@mTe@m1288, password confirmation=dre@mTe3456, Expected Output=password_mismatch:The two password fields didn’t match.}, {username=DreamTeaa, password=dre@m3, password confirmation=dre@m3, Expected Output=password_mismatch:The two password fields didn’t match.}, {username=TestStage2, password=, password confirmation=, Expected Output=Please fill out this field.}, {username=, password=teststage3, password confirmation=, Expected Output=Please fill out this field.}, {username=, password=, password confirmation=teststage3, Expected Output=Please fill out this field.}, {username=, password=, password confirmation=, Expected Output=Please fill out this field.}, {username=DreamTeam, password=Dre@mTe@m123, password confirmation=Dre@mTe@m123, Expected Output=password_mismatch:The two password fields didn’t match.}]

@Registration @RegisterInvalidCredentials @RegistrationTest002
Scenario Outline: Unsuccessful Register with Invalid Credentials                                                                   # src/test/resources/features/register.feature:24
]]></system-out>
  </testcase>
  <testcase name="runScenario[&quot;validate the Try editor for positive input from the Queue Operation Page&quot;, &quot;DS Portal Queue Page Functionality&quot;](254)" classname="runner.TestRunner" time="0.019"/>
  <testcase name="runScenario[&quot;validate the Try editor for negative input from the Queue Operation Page&quot;, &quot;DS Portal Queue Page Functionality&quot;](255)" classname="runner.TestRunner" time="0.617">
    <system-out><![CDATA[
@Registration @RegisterInvalidCredentials @RegistrationTest002
Scenario Outline: Unsuccessful Register with Invalid Credentials                                                                   # src/test/resources/features/register.feature:25
No alert was present during the Register process.
  When The User enter Invalid username and password then confirmPassword from sheet "RegisterPage" and 3 and click register button # stepdefinitions.RegisterStep.the_user_enter_invalid_username_and_password_then_confirm_password_from_sheet_and_and_click_register_button(java.lang.String,int)
Size of userData: [{username=DreamTeam, password=Dre@mTe@m123, password confirmation=Dre@mTe@m123, Expected Output=New Account Created. You are logged in as DreamFocus}, {username=TestStage2, password=dream12356, password confirmation=dream12356, Expected Output=password_mismatch:The two password fields didn’t match.}, {username=DREAMTEAM, password=Dre@mTe@m1288, password confirmation=dre@mTe3456, Expected Output=password_mismatch:The two password fields didn’t match.}, {username=DreamTeaa, password=dre@m3, password confirmation=dre@m3, Expected Output=password_mismatch:The two password fields didn’t match.}, {username=TestStage2, password=, password confirmation=, Expected Output=Please fill out this field.}, {username=, password=teststage3, password confirmation=, Expected Output=Please fill out this field.}, {username=, password=, password confirmation=teststage3, Expected Output=Please fill out this field.}, {username=, password=, password confirmation=, Expected Output=Please fill out this field.}, {username=DreamTeam, password=Dre@mTe@m123, password confirmation=Dre@mTe@m123, Expected Output=password_mismatch:The two password fields didn’t match.}]
[ERROR] 2024-10-21 00:45:47.259 [TestNG-PoolService-2] LoggerLoad - password_mismatch:The two password fields didnâ€™t match.
  Then The User validate the Excepted Output for Registration Page                                                                 # stepdefinitions.RegisterStep.the_user_validate_the_excepted_output_for_registration_page()
]]></system-out>
  </testcase>
  <testcase name="runScenario[&quot;Unsuccessful Register with Invalid Credentials&quot;, &quot;DS Portal Register Functionality&quot;](256)" classname="runner.TestRunner" time="0.755"/>
  <testcase name="runScenario[&quot;Unsuccessful Register with Invalid Credentials&quot;, &quot;DS Portal Register Functionality&quot;](257)" classname="runner.TestRunner" time="1.564">
    <system-out><![CDATA[No alert was present during the Register process.
  When The User enter Invalid username and password then confirmPassword from sheet "RegisterPage" and 5 and click register button # stepdefinitions.RegisterStep.the_user_enter_invalid_username_and_password_then_confirm_password_from_sheet_and_and_click_register_button(java.lang.String,int)
[ERROR] 2024-10-21 00:45:48.160 [TestNG-PoolService-3] LoggerLoad - Username and confirmPassword field are Blank- Please fill out this field.
  Then The User validate the Excepted Output for Registration Page                                                                 # stepdefinitions.RegisterStep.the_user_validate_the_excepted_output_for_registration_page()
No alert was present during the Register process.
  When The User enter Invalid username and password then confirmPassword from sheet "RegisterPage" and 4 and click register button # stepdefinitions.RegisterStep.the_user_enter_invalid_username_and_password_then_confirm_password_from_sheet_and_and_click_register_button(java.lang.String,int)
[ERROR] 2024-10-21 00:45:48.526 [TestNG-PoolService-6] LoggerLoad - Password and confirmPassword field are Blank- Please fill out this field.
  Then The User validate the Excepted Output for Registration Page                                                                 # stepdefinitions.RegisterStep.the_user_validate_the_excepted_output_for_registration_page()
]]></system-out>
    <system-err><![CDATA[Oct 21, 2024 12:45:47 AM org.openqa.selenium.devtools.CdpVersionFinder findNearestMatch
WARNING: Unable to find an exact match for CDP version 129, returning the closest version; found: 128; Please update to a Selenium version that supports CDP version 129
]]></system-err>
  </testcase>
  <testcase name="runScenario[&quot;Unsuccessful Register with Invalid Credentials&quot;, &quot;DS Portal Register Functionality&quot;](258)" classname="runner.TestRunner" time="1.754"/>
  <testcase name="runScenario[&quot;Unsuccessful Register with Invalid Credentials&quot;, &quot;DS Portal Register Functionality&quot;](259)" classname="runner.TestRunner" time="1.805"/>
  <testcase name="runScenario[&quot;Unsuccessful Register with Invalid Credentials&quot;, &quot;DS Portal Register Functionality&quot;](260)" classname="runner.TestRunner" time="3.983">
    <system-out><![CDATA[  Given The User navigates to the Registration page                                                                                # stepdefinitions.RegisterStep.the_user_navigates_to_the_registration_page()
Size of userData: [{username=DreamTeam, password=Dre@mTe@m123, password confirmation=Dre@mTe@m123, Expected Output=New Account Created. You are logged in as DreamFocus}, {username=TestStage2, password=dream12356, password confirmation=dream12356, Expected Output=password_mismatch:The two password fields didn’t match.}, {username=DREAMTEAM, password=Dre@mTe@m1288, password confirmation=dre@mTe3456, Expected Output=password_mismatch:The two password fields didn’t match.}, {username=DreamTeaa, password=dre@m3, password confirmation=dre@m3, Expected Output=password_mismatch:The two password fields didn’t match.}, {username=TestStage2, password=, password confirmation=, Expected Output=Please fill out this field.}, {username=, password=teststage3, password confirmation=, Expected Output=Please fill out this field.}, {username=, password=, password confirmation=teststage3, Expected Output=Please fill out this field.}, {username=, password=, password confirmation=, Expected Output=Please fill out this field.}, {username=DreamTeam, password=Dre@mTe@m123, password confirmation=Dre@mTe@m123, Expected Output=password_mismatch:The two password fields didn’t match.}]
No alert was present during the Register process.
  When The User enter Invalid username and password then confirmPassword from sheet "RegisterPage" and 6 and click register button # stepdefinitions.RegisterStep.the_user_enter_invalid_username_and_password_then_confirm_password_from_sheet_and_and_click_register_button(java.lang.String,int)
[ERROR] 2024-10-21 00:45:50.909 [TestNG-PoolService-8] LoggerLoad - Username and Password field are Blank- Please fill out this field.
  Then The User validate the Excepted Output for Registration Page                                                                 # stepdefinitions.RegisterStep.the_user_validate_the_excepted_output_for_registration_page()
]]></system-out>
    <system-err><![CDATA[Oct 21, 2024 12:45:50 AM org.openqa.selenium.devtools.CdpVersionFinder findNearestMatch
WARNING: Unable to find an exact match for CDP version 129, returning the closest version; found: 128; Please update to a Selenium version that supports CDP version 129
Oct 21, 2024 12:45:50 AM org.openqa.selenium.devtools.CdpVersionFinder findNearestMatch
WARNING: Unable to find an exact match for CDP version 129, returning the closest version; found: 128; Please update to a Selenium version that supports CDP version 129
]]></system-err>
  </testcase>
  <testcase name="runScenario[&quot;Validate the Practice Questions&quot;, &quot;DS Portal Queue Page Functionality&quot;](261)" classname="runner.TestRunner" time="5.446">
    <failure message="No questions found" type="java.lang.AssertionError"><![CDATA[java.lang.AssertionError: No questions found
	at org.testng.Assert.fail(Assert.java:111)
	at stepdefinitions.QueueStep.the_user_should_navigate_to_queue_practice_page(QueueStep.java:224)
	at ✽.The User should navigate to queue Practice Page(file:///C:/Users/Palanivel/eclipse-workspace/asta_dsalgoBDD/./src/test/resources/features/queue.feature:166)
]]></failure>
    <system-out><![CDATA[  Given The User navigates to the Registration page                                                                                # stepdefinitions.RegisterStep.the_user_navigates_to_the_registration_page()
  Then The User should navigate to queue Practice Page                    # stepdefinitions.QueueStep.the_user_should_navigate_to_queue_practice_page()
      java.lang.AssertionError: No questions found
	at org.testng.Assert.fail(Assert.java:111)
	at stepdefinitions.QueueStep.the_user_should_navigate_to_queue_practice_page(QueueStep.java:224)
	at âœ½.The User should navigate to queue Practice Page(file:///C:/Users/Palanivel/eclipse-workspace/asta_dsalgoBDD/./src/test/resources/features/queue.feature:166)

  Given The User navigates to the Registration page                                                                                # stepdefinitions.RegisterStep.the_user_navigates_to_the_registration_page()

    Embedding Validate the Practice Questions [image/png 14881 bytes]

Size of userData: [{username=DreamTeam, password=Dre@mTe@m123, password confirmation=Dre@mTe@m123, Expected Output=New Account Created. You are logged in as DreamFocus}, {username=TestStage2, password=dream12356, password confirmation=dream12356, Expected Output=password_mismatch:The two password fields didn’t match.}, {username=DREAMTEAM, password=Dre@mTe@m1288, password confirmation=dre@mTe3456, Expected Output=password_mismatch:The two password fields didn’t match.}, {username=DreamTeaa, password=dre@m3, password confirmation=dre@m3, Expected Output=password_mismatch:The two password fields didn’t match.}, {username=TestStage2, password=, password confirmation=, Expected Output=Please fill out this field.}, {username=, password=teststage3, password confirmation=, Expected Output=Please fill out this field.}, {username=, password=, password confirmation=teststage3, Expected Output=Please fill out this field.}, {username=, password=, password confirmation=, Expected Output=Please fill out this field.}, {username=DreamTeam, password=Dre@mTe@m123, password confirmation=Dre@mTe@m123, Expected Output=password_mismatch:The two password fields didn’t match.}]
Size of userData: [{username=DreamTeam, password=Dre@mTe@m123, password confirmation=Dre@mTe@m123, Expected Output=New Account Created. You are logged in as DreamFocus}, {username=TestStage2, password=dream12356, password confirmation=dream12356, Expected Output=password_mismatch:The two password fields didn’t match.}, {username=DREAMTEAM, password=Dre@mTe@m1288, password confirmation=dre@mTe3456, Expected Output=password_mismatch:The two password fields didn’t match.}, {username=DreamTeaa, password=dre@m3, password confirmation=dre@m3, Expected Output=password_mismatch:The two password fields didn’t match.}, {username=TestStage2, password=, password confirmation=, Expected Output=Please fill out this field.}, {username=, password=teststage3, password confirmation=, Expected Output=Please fill out this field.}, {username=, password=, password confirmation=teststage3, Expected Output=Please fill out this field.}, {username=, password=, password confirmation=, Expected Output=Please fill out this field.}, {username=DreamTeam, password=Dre@mTe@m123, password confirmation=Dre@mTe@m123, Expected Output=password_mismatch:The two password fields didn’t match.}]
]]></system-out>
  </testcase>
  <testcase name="runScenario[&quot;Unsuccessful Register with Invalid Credentials&quot;, &quot;DS Portal Register Functionality&quot;](262)" classname="runner.TestRunner" time="5.729">
    <system-out><![CDATA[No alert was present during the Register process.
  When The User enter Invalid username and password then confirmPassword from sheet "RegisterPage" and 7 and click register button # stepdefinitions.RegisterStep.the_user_enter_invalid_username_and_password_then_confirm_password_from_sheet_and_and_click_register_button(java.lang.String,int)
[ERROR] 2024-10-21 00:45:52.686 [TestNG-PoolService-4] LoggerLoad - Password and confirmPassword field are Blank- Please fill out this field.
  Then The User validate the Excepted Output for Registration Page                                                                 # stepdefinitions.RegisterStep.the_user_validate_the_excepted_output_for_registration_page()
No alert was present during the Register process.
  When The User enter Invalid username and password then confirmPassword from sheet "RegisterPage" and 8 and click register button # stepdefinitions.RegisterStep.the_user_enter_invalid_username_and_password_then_confirm_password_from_sheet_and_and_click_register_button(java.lang.String,int)
]]></system-out>
  </testcase>
  <testcase name="runScenario[&quot;Unsuccessful Register with Invalid Credentials&quot;, &quot;DS Portal Register Functionality&quot;](263)" classname="runner.TestRunner" time="6.553">
    <system-out><![CDATA[[ERROR] 2024-10-21 00:45:52.882 [TestNG-PoolService-1] LoggerLoad - password_mismatch:The two password fields didnâ€™t match.
clicked login link
[INFO ] 2024-10-21 00:45:53.097 [TestNG-PoolService-1] LoggerLoad - clicked login link
[INFO ] 2024-10-21 00:45:53.134 [TestNG-PoolService-1] LoggerLoad - Back to Register page
clicked sign in  nav link
[INFO ] 2024-10-21 00:45:53.475 [TestNG-PoolService-1] LoggerLoad - We are in Register Page ,Navigate to login page using Menubar 'Sign-in' link
  Then The User validate the Excepted Output for Registration Page                                                                 # stepdefinitions.RegisterStep.the_user_validate_the_excepted_output_for_registration_page()
]]></system-out>
  </testcase>
</testsuite>