<?xml version="1.0" encoding="UTF-8"?>
<testng-results ignored="0" total="263" passed="229" failed="34" skipped="0">
  <reporter-output>
  </reporter-output>
  <suite started-at="2024-10-21T00:36:20 PDT" name="Suite" finished-at="2024-10-21T00:45:57 PDT" duration-ms="576581">
    <groups>
      <group name="cucumber">
        <method signature="AbstractTestNGCucumberTests.runScenario(io.cucumber.testng.PickleWrapper,io.cucumber.testng.FeatureWrapper)[pri:0, instance:runner.TestRunner@1b919693]" name="runScenario" class="io.cucumber.testng.AbstractTestNGCucumberTests"/>
      </group> <!-- cucumber -->
    </groups>
    <test started-at="2024-10-21T00:36:20 PDT" name="Test" finished-at="2024-10-21T00:36:20 PDT" duration-ms="16">
    </test> <!-- Test -->
    <test started-at="2024-10-21T00:36:20 PDT" name="ChromeTest" finished-at="2024-10-21T00:45:57 PDT" duration-ms="576476">
      <class name="runner.TestRunner">
        <test-method is-config="true" signature="defineBrowser(java.lang.String)[pri:0, instance:runner.TestRunner@1b919693]" started-at="2024-10-21T00:36:20 PDT" name="defineBrowser" finished-at="2024-10-21T00:36:20 PDT" duration-ms="19" status="PASS">
          <params>
            <param index="0">
              <value>
                <![CDATA[CHROME]]>
              </value>
            </param>
          </params>
          <reporter-output>
          </reporter-output>
        </test-method> <!-- defineBrowser -->
        <test-method is-config="true" signature="setUpClass(org.testng.ITestContext)[pri:0, instance:runner.TestRunner@1b919693]" started-at="2024-10-21T00:36:20 PDT" name="setUpClass" finished-at="2024-10-21T00:36:21 PDT" duration-ms="815" status="PASS">
          <params>
            <param index="0">
              <value>
                <![CDATA[org.testng.TestRunner@6cc86152]]>
              </value>
            </param>
          </params>
          <reporter-output>
          </reporter-output>
        </test-method> <!-- setUpClass -->
        <test-method signature="runScenario(io.cucumber.testng.PickleWrapper,io.cucumber.testng.FeatureWrapper)[pri:0, instance:runner.TestRunner@1b919693]" started-at="2024-10-21T00:36:21 PDT" name="runScenario" description="Runs Cucumber Scenarios" data-provider="scenarios" finished-at="2024-10-21T00:36:50 PDT" duration-ms="28684" status="PASS">
          <params>
            <param index="0">
              <value>
                <![CDATA["Validating Array Module"]]>
              </value>
            </param>
            <param index="1">
              <value>
                <![CDATA["DsPortal Array Page Functionality"]]>
              </value>
            </param>
          </params>
          <reporter-output>
          </reporter-output>
        </test-method> <!-- runScenario -->
        <test-method signature="runScenario(io.cucumber.testng.PickleWrapper,io.cucumber.testng.FeatureWrapper)[pri:0, instance:runner.TestRunner@1b919693]" started-at="2024-10-21T00:36:21 PDT" name="runScenario" description="Runs Cucumber Scenarios" data-provider="scenarios" finished-at="2024-10-21T00:36:53 PDT" duration-ms="31856" status="PASS">
          <params>
            <param index="0">
              <value>
                <![CDATA["Validating the Max Consecutive Ones in Array in Python Page"]]>
              </value>
            </param>
            <param index="1">
              <value>
                <![CDATA["DsPortal Array Page Functionality"]]>
              </value>
            </param>
          </params>
          <reporter-output>
          </reporter-output>
        </test-method> <!-- runScenario -->
        <test-method signature="runScenario(io.cucumber.testng.PickleWrapper,io.cucumber.testng.FeatureWrapper)[pri:0, instance:runner.TestRunner@1b919693]" started-at="2024-10-21T00:36:21 PDT" name="runScenario" description="Runs Cucumber Scenarios" data-provider="scenarios" finished-at="2024-10-21T00:36:57 PDT" duration-ms="35791" status="PASS">
          <params>
            <param index="0">
              <value>
                <![CDATA["Validating the Find Numbers with Even Number of Digits in Array in Python Page"]]>
              </value>
            </param>
            <param index="1">
              <value>
                <![CDATA["DsPortal Array Page Functionality"]]>
              </value>
            </param>
          </params>
          <reporter-output>
          </reporter-output>
        </test-method> <!-- runScenario -->
        <test-method signature="runScenario(io.cucumber.testng.PickleWrapper,io.cucumber.testng.FeatureWrapper)[pri:0, instance:runner.TestRunner@1b919693]" started-at="2024-10-21T00:36:21 PDT" name="runScenario" description="Runs Cucumber Scenarios" data-provider="scenarios" finished-at="2024-10-21T00:36:53 PDT" duration-ms="31457" status="PASS">
          <params>
            <param index="0">
              <value>
                <![CDATA["Validating Try here Page for negative input through the Arrays in Python Page"]]>
              </value>
            </param>
            <param index="1">
              <value>
                <![CDATA["DsPortal Array Page Functionality"]]>
              </value>
            </param>
          </params>
          <reporter-output>
          </reporter-output>
        </test-method> <!-- runScenario -->
        <test-method signature="runScenario(io.cucumber.testng.PickleWrapper,io.cucumber.testng.FeatureWrapper)[pri:0, instance:runner.TestRunner@1b919693]" started-at="2024-10-21T00:36:21 PDT" name="runScenario" description="Runs Cucumber Scenarios" data-provider="scenarios" finished-at="2024-10-21T00:36:51 PDT" duration-ms="29365" status="PASS">
          <params>
            <param index="0">
              <value>
                <![CDATA["Validating the Arrays in Python link in Array Module Page"]]>
              </value>
            </param>
            <param index="1">
              <value>
                <![CDATA["DsPortal Array Page Functionality"]]>
              </value>
            </param>
          </params>
          <reporter-output>
          </reporter-output>
        </test-method> <!-- runScenario -->
        <test-method signature="runScenario(io.cucumber.testng.PickleWrapper,io.cucumber.testng.FeatureWrapper)[pri:0, instance:runner.TestRunner@1b919693]" started-at="2024-10-21T00:36:21 PDT" name="runScenario" description="Runs Cucumber Scenarios" data-provider="scenarios" finished-at="2024-10-21T00:36:57 PDT" duration-ms="35528" status="PASS">
          <params>
            <param index="0">
              <value>
                <![CDATA["Validating Search the Array in Array in Python Page"]]>
              </value>
            </param>
            <param index="1">
              <value>
                <![CDATA["DsPortal Array Page Functionality"]]>
              </value>
            </param>
          </params>
          <reporter-output>
          </reporter-output>
        </test-method> <!-- runScenario -->
        <test-method signature="runScenario(io.cucumber.testng.PickleWrapper,io.cucumber.testng.FeatureWrapper)[pri:0, instance:runner.TestRunner@1b919693]" started-at="2024-10-21T00:36:21 PDT" name="runScenario" description="Runs Cucumber Scenarios" data-provider="scenarios" finished-at="2024-10-21T00:37:07 PDT" duration-ms="45595" status="PASS">
          <params>
            <param index="0">
              <value>
                <![CDATA["Validating Try here Page for positive input through the Arrays in Python Page"]]>
              </value>
            </param>
            <param index="1">
              <value>
                <![CDATA["DsPortal Array Page Functionality"]]>
              </value>
            </param>
          </params>
          <reporter-output>
          </reporter-output>
        </test-method> <!-- runScenario -->
        <test-method signature="runScenario(io.cucumber.testng.PickleWrapper,io.cucumber.testng.FeatureWrapper)[pri:0, instance:runner.TestRunner@1b919693]" started-at="2024-10-21T00:36:21 PDT" name="runScenario" description="Runs Cucumber Scenarios" data-provider="scenarios" finished-at="2024-10-21T00:37:01 PDT" duration-ms="40328" status="PASS">
          <params>
            <param index="0">
              <value>
                <![CDATA["Validating Try here button in Arrays in Python"]]>
              </value>
            </param>
            <param index="1">
              <value>
                <![CDATA["DsPortal Array Page Functionality"]]>
              </value>
            </param>
          </params>
          <reporter-output>
          </reporter-output>
        </test-method> <!-- runScenario -->
        <test-method signature="runScenario(io.cucumber.testng.PickleWrapper,io.cucumber.testng.FeatureWrapper)[pri:0, instance:runner.TestRunner@1b919693]" started-at="2024-10-21T00:36:21 PDT" name="runScenario" description="Runs Cucumber Scenarios" data-provider="scenarios" finished-at="2024-10-21T00:37:01 PDT" duration-ms="40276" status="PASS">
          <params>
            <param index="0">
              <value>
                <![CDATA["Validating Try here Page for negative input through the Arrays in Python Page"]]>
              </value>
            </param>
            <param index="1">
              <value>
                <![CDATA["DsPortal Array Page Functionality"]]>
              </value>
            </param>
          </params>
          <reporter-output>
          </reporter-output>
        </test-method> <!-- runScenario -->
        <test-method signature="runScenario(io.cucumber.testng.PickleWrapper,io.cucumber.testng.FeatureWrapper)[pri:0, instance:runner.TestRunner@1b919693]" started-at="2024-10-21T00:36:21 PDT" name="runScenario" description="Runs Cucumber Scenarios" data-provider="scenarios" finished-at="2024-10-21T00:36:50 PDT" duration-ms="29011" status="PASS">
          <params>
            <param index="0">
              <value>
                <![CDATA["Validating Practice Questions link in Array in Python Page"]]>
              </value>
            </param>
            <param index="1">
              <value>
                <![CDATA["DsPortal Array Page Functionality"]]>
              </value>
            </param>
          </params>
          <reporter-output>
          </reporter-output>
        </test-method> <!-- runScenario -->
        <test-method signature="runScenario(io.cucumber.testng.PickleWrapper,io.cucumber.testng.FeatureWrapper)[pri:0, instance:runner.TestRunner@1b919693]" started-at="2024-10-21T00:36:50 PDT" name="runScenario" description="Runs Cucumber Scenarios" data-provider="scenarios" finished-at="2024-10-21T00:37:12 PDT" duration-ms="22155" status="PASS">
          <params>
            <param index="0">
              <value>
                <![CDATA["Validating the Squares of a Sorted Array in Array in Python Page"]]>
              </value>
            </param>
            <param index="1">
              <value>
                <![CDATA["DsPortal Array Page Functionality"]]>
              </value>
            </param>
          </params>
          <reporter-output>
          </reporter-output>
        </test-method> <!-- runScenario -->
        <test-method signature="runScenario(io.cucumber.testng.PickleWrapper,io.cucumber.testng.FeatureWrapper)[pri:0, instance:runner.TestRunner@1b919693]" started-at="2024-10-21T00:36:50 PDT" name="runScenario" description="Runs Cucumber Scenarios" data-provider="scenarios" finished-at="2024-10-21T00:37:05 PDT" duration-ms="15220" status="PASS">
          <params>
            <param index="0">
              <value>
                <![CDATA["Validating the Arrays using List link in Array Module Page"]]>
              </value>
            </param>
            <param index="1">
              <value>
                <![CDATA["DsPortal Array Page Functionality"]]>
              </value>
            </param>
          </params>
          <reporter-output>
          </reporter-output>
        </test-method> <!-- runScenario -->
        <test-method signature="runScenario(io.cucumber.testng.PickleWrapper,io.cucumber.testng.FeatureWrapper)[pri:0, instance:runner.TestRunner@1b919693]" started-at="2024-10-21T00:36:51 PDT" name="runScenario" description="Runs Cucumber Scenarios" data-provider="scenarios" finished-at="2024-10-21T00:37:11 PDT" duration-ms="19992" status="FAIL">
          <params>
            <param index="0">
              <value>
                <![CDATA["Validating Try here button in Arrays using List Page"]]>
              </value>
            </param>
            <param index="1">
              <value>
                <![CDATA["DsPortal Array Page Functionality"]]>
              </value>
            </param>
          </params>
          <exception class="io.cucumber.core.exception.CucumberException">
            <message>
              <![CDATA[Step [the User should get navigated to the Try Editor Page from Arrays using List] is defined with 0 parameters at 'stepdefinitions.ArrayStep.the_user_should_get_navigated_to_the_try_editor_page_from_arrays_using_list()'.
However, the gherkin step has 1 arguments:
 * Table:

Step text: the User should get navigated to the Try Editor Page from Arrays using List]]>
            </message>
            <full-stacktrace>
              <![CDATA[io.cucumber.core.exception.CucumberException: Step [the User should get navigated to the Try Editor Page from Arrays using List] is defined with 0 parameters at 'stepdefinitions.ArrayStep.the_user_should_get_navigated_to_the_try_editor_page_from_arrays_using_list()'.
However, the gherkin step has 1 arguments:
 * Table:

Step text: the User should get navigated to the Try Editor Page from Arrays using List
at io.cucumber.core.runner.PickleStepDefinitionMatch.arityMismatch(PickleStepDefinitionMatch.java:83)
at io.cucumber.core.runner.PickleStepDefinitionMatch.runStep(PickleStepDefinitionMatch.java:42)
at io.cucumber.core.runner.ExecutionMode$1.execute(ExecutionMode.java:10)
at io.cucumber.core.runner.TestStep.executeStep(TestStep.java:81)
at io.cucumber.core.runner.TestStep.run(TestStep.java:53)
at io.cucumber.core.runner.PickleStepTestStep.run(PickleStepTestStep.java:51)
at io.cucumber.core.runner.TestCase.run(TestCase.java:84)
at io.cucumber.core.runner.Runner.runPickle(Runner.java:75)
at io.cucumber.testng.TestNGCucumberRunner.lambda$runScenario$1(TestNGCucumberRunner.java:132)
at io.cucumber.core.runtime.CucumberExecutionContext.lambda$runTestCase$5(CucumberExecutionContext.java:136)
at io.cucumber.core.runtime.RethrowingThrowableCollector.executeAndThrow(RethrowingThrowableCollector.java:23)
at io.cucumber.core.runtime.CucumberExecutionContext.runTestCase(CucumberExecutionContext.java:136)
at io.cucumber.testng.TestNGCucumberRunner.runScenario(TestNGCucumberRunner.java:129)
at io.cucumber.testng.AbstractTestNGCucumberTests.runScenario(AbstractTestNGCucumberTests.java:35)
at java.base/jdk.internal.reflect.NativeMethodAccessorImpl.invoke0(Native Method)
at java.base/jdk.internal.reflect.NativeMethodAccessorImpl.invoke(NativeMethodAccessorImpl.java:77)
at java.base/jdk.internal.reflect.DelegatingMethodAccessorImpl.invoke(DelegatingMethodAccessorImpl.java:43)
at java.base/java.lang.reflect.Method.invoke(Method.java:568)
at org.testng.internal.invokers.MethodInvocationHelper.invokeMethod(MethodInvocationHelper.java:141)
at org.testng.internal.invokers.TestInvoker.invokeMethod(TestInvoker.java:686)
at org.testng.internal.invokers.TestInvoker.invokeTestMethod(TestInvoker.java:230)
at org.testng.internal.invokers.TestMethodWithDataProviderMethodWorker.call(TestMethodWithDataProviderMethodWorker.java:81)
at org.testng.internal.thread.Async$AsyncTask.run(Async.java:34)
at java.base/java.util.concurrent.ThreadPoolExecutor.runWorker(ThreadPoolExecutor.java:1136)
at java.base/java.util.concurrent.ThreadPoolExecutor$Worker.run(ThreadPoolExecutor.java:635)
at java.base/java.lang.Thread.run(Thread.java:842)
]]>
            </full-stacktrace>
          </exception> <!-- io.cucumber.core.exception.CucumberException -->
          <reporter-output>
          </reporter-output>
        </test-method> <!-- runScenario -->
        <test-method signature="runScenario(io.cucumber.testng.PickleWrapper,io.cucumber.testng.FeatureWrapper)[pri:0, instance:runner.TestRunner@1b919693]" started-at="2024-10-21T00:36:53 PDT" name="runScenario" description="Runs Cucumber Scenarios" data-provider="scenarios" finished-at="2024-10-21T00:37:12 PDT" duration-ms="19440" status="PASS">
          <params>
            <param index="0">
              <value>
                <![CDATA["Validating Try here Page for positive input through the Arrays using List Page"]]>
              </value>
            </param>
            <param index="1">
              <value>
                <![CDATA["DsPortal Array Page Functionality"]]>
              </value>
            </param>
          </params>
          <reporter-output>
          </reporter-output>
        </test-method> <!-- runScenario -->
        <test-method signature="runScenario(io.cucumber.testng.PickleWrapper,io.cucumber.testng.FeatureWrapper)[pri:0, instance:runner.TestRunner@1b919693]" started-at="2024-10-21T00:36:53 PDT" name="runScenario" description="Runs Cucumber Scenarios" data-provider="scenarios" finished-at="2024-10-21T00:37:12 PDT" duration-ms="19009" status="PASS">
          <params>
            <param index="0">
              <value>
                <![CDATA["Validating Try here Page for negative input through the Arrays using List Page"]]>
              </value>
            </param>
            <param index="1">
              <value>
                <![CDATA["DsPortal Array Page Functionality"]]>
              </value>
            </param>
          </params>
          <reporter-output>
          </reporter-output>
        </test-method> <!-- runScenario -->
        <test-method signature="runScenario(io.cucumber.testng.PickleWrapper,io.cucumber.testng.FeatureWrapper)[pri:0, instance:runner.TestRunner@1b919693]" started-at="2024-10-21T00:36:57 PDT" name="runScenario" description="Runs Cucumber Scenarios" data-provider="scenarios" finished-at="2024-10-21T00:37:25 PDT" duration-ms="27988" status="PASS">
          <params>
            <param index="0">
              <value>
                <![CDATA["Validating Try here Page for negative input through the Arrays using List Page"]]>
              </value>
            </param>
            <param index="1">
              <value>
                <![CDATA["DsPortal Array Page Functionality"]]>
              </value>
            </param>
          </params>
          <reporter-output>
          </reporter-output>
        </test-method> <!-- runScenario -->
        <test-method signature="runScenario(io.cucumber.testng.PickleWrapper,io.cucumber.testng.FeatureWrapper)[pri:0, instance:runner.TestRunner@1b919693]" started-at="2024-10-21T00:36:57 PDT" name="runScenario" description="Runs Cucumber Scenarios" data-provider="scenarios" finished-at="2024-10-21T00:37:12 PDT" duration-ms="15128" status="PASS">
          <params>
            <param index="0">
              <value>
                <![CDATA["Validating Practice Questions link in Arrays using List Page"]]>
              </value>
            </param>
            <param index="1">
              <value>
                <![CDATA["DsPortal Array Page Functionality"]]>
              </value>
            </param>
          </params>
          <reporter-output>
          </reporter-output>
        </test-method> <!-- runScenario -->
        <test-method signature="runScenario(io.cucumber.testng.PickleWrapper,io.cucumber.testng.FeatureWrapper)[pri:0, instance:runner.TestRunner@1b919693]" started-at="2024-10-21T00:37:01 PDT" name="runScenario" description="Runs Cucumber Scenarios" data-provider="scenarios" finished-at="2024-10-21T00:37:23 PDT" duration-ms="21509" status="PASS">
          <params>
            <param index="0">
              <value>
                <![CDATA["Validating the Basic Operations in Lists link in Array Module Page"]]>
              </value>
            </param>
            <param index="1">
              <value>
                <![CDATA["DsPortal Array Page Functionality"]]>
              </value>
            </param>
          </params>
          <reporter-output>
          </reporter-output>
        </test-method> <!-- runScenario -->
        <test-method signature="runScenario(io.cucumber.testng.PickleWrapper,io.cucumber.testng.FeatureWrapper)[pri:0, instance:runner.TestRunner@1b919693]" started-at="2024-10-21T00:37:01 PDT" name="runScenario" description="Runs Cucumber Scenarios" data-provider="scenarios" finished-at="2024-10-21T00:37:23 PDT" duration-ms="21387" status="FAIL">
          <params>
            <param index="0">
              <value>
                <![CDATA["Validating Try here button in Basic Operations in Lists Page"]]>
              </value>
            </param>
            <param index="1">
              <value>
                <![CDATA["DsPortal Array Page Functionality"]]>
              </value>
            </param>
          </params>
          <exception class="io.cucumber.core.exception.CucumberException">
            <message>
              <![CDATA[Step [the User should get navigated to the Try Editor Page from the Basic Operations in Lists] is defined with 0 parameters at 'stepdefinitions.ArrayStep.the_user_should_get_navigated_to_the_try_editor_page_from_the_basic_operations_in_lists()'.
However, the gherkin step has 1 arguments:
 * Table:

Step text: the User should get navigated to the Try Editor Page from the Basic Operations in Lists]]>
            </message>
            <full-stacktrace>
              <![CDATA[io.cucumber.core.exception.CucumberException: Step [the User should get navigated to the Try Editor Page from the Basic Operations in Lists] is defined with 0 parameters at 'stepdefinitions.ArrayStep.the_user_should_get_navigated_to_the_try_editor_page_from_the_basic_operations_in_lists()'.
However, the gherkin step has 1 arguments:
 * Table:

Step text: the User should get navigated to the Try Editor Page from the Basic Operations in Lists
at io.cucumber.core.runner.PickleStepDefinitionMatch.arityMismatch(PickleStepDefinitionMatch.java:83)
at io.cucumber.core.runner.PickleStepDefinitionMatch.runStep(PickleStepDefinitionMatch.java:42)
at io.cucumber.core.runner.ExecutionMode$1.execute(ExecutionMode.java:10)
at io.cucumber.core.runner.TestStep.executeStep(TestStep.java:81)
at io.cucumber.core.runner.TestStep.run(TestStep.java:53)
at io.cucumber.core.runner.PickleStepTestStep.run(PickleStepTestStep.java:51)
at io.cucumber.core.runner.TestCase.run(TestCase.java:84)
at io.cucumber.core.runner.Runner.runPickle(Runner.java:75)
at io.cucumber.testng.TestNGCucumberRunner.lambda$runScenario$1(TestNGCucumberRunner.java:132)
at io.cucumber.core.runtime.CucumberExecutionContext.lambda$runTestCase$5(CucumberExecutionContext.java:136)
at io.cucumber.core.runtime.RethrowingThrowableCollector.executeAndThrow(RethrowingThrowableCollector.java:23)
at io.cucumber.core.runtime.CucumberExecutionContext.runTestCase(CucumberExecutionContext.java:136)
at io.cucumber.testng.TestNGCucumberRunner.runScenario(TestNGCucumberRunner.java:129)
at io.cucumber.testng.AbstractTestNGCucumberTests.runScenario(AbstractTestNGCucumberTests.java:35)
at java.base/jdk.internal.reflect.NativeMethodAccessorImpl.invoke0(Native Method)
at java.base/jdk.internal.reflect.NativeMethodAccessorImpl.invoke(NativeMethodAccessorImpl.java:77)
at java.base/jdk.internal.reflect.DelegatingMethodAccessorImpl.invoke(DelegatingMethodAccessorImpl.java:43)
at java.base/java.lang.reflect.Method.invoke(Method.java:568)
at org.testng.internal.invokers.MethodInvocationHelper.invokeMethod(MethodInvocationHelper.java:141)
at org.testng.internal.invokers.TestInvoker.invokeMethod(TestInvoker.java:686)
at org.testng.internal.invokers.TestInvoker.invokeTestMethod(TestInvoker.java:230)
at org.testng.internal.invokers.TestMethodWithDataProviderMethodWorker.call(TestMethodWithDataProviderMethodWorker.java:81)
at org.testng.internal.thread.Async$AsyncTask.run(Async.java:34)
at java.base/java.util.concurrent.ThreadPoolExecutor.runWorker(ThreadPoolExecutor.java:1136)
at java.base/java.util.concurrent.ThreadPoolExecutor$Worker.run(ThreadPoolExecutor.java:635)
at java.base/java.lang.Thread.run(Thread.java:842)
]]>
            </full-stacktrace>
          </exception> <!-- io.cucumber.core.exception.CucumberException -->
          <reporter-output>
          </reporter-output>
        </test-method> <!-- runScenario -->
        <test-method signature="runScenario(io.cucumber.testng.PickleWrapper,io.cucumber.testng.FeatureWrapper)[pri:0, instance:runner.TestRunner@1b919693]" started-at="2024-10-21T00:37:05 PDT" name="runScenario" description="Runs Cucumber Scenarios" data-provider="scenarios" finished-at="2024-10-21T00:37:24 PDT" duration-ms="18781" status="PASS">
          <params>
            <param index="0">
              <value>
                <![CDATA["Validating Try here Page for positive input through the Basic Operations in Lists Page"]]>
              </value>
            </param>
            <param index="1">
              <value>
                <![CDATA["DsPortal Array Page Functionality"]]>
              </value>
            </param>
          </params>
          <reporter-output>
          </reporter-output>
        </test-method> <!-- runScenario -->
        <test-method signature="runScenario(io.cucumber.testng.PickleWrapper,io.cucumber.testng.FeatureWrapper)[pri:0, instance:runner.TestRunner@1b919693]" started-at="2024-10-21T00:37:07 PDT" name="runScenario" description="Runs Cucumber Scenarios" data-provider="scenarios" finished-at="2024-10-21T00:37:25 PDT" duration-ms="17836" status="PASS">
          <params>
            <param index="0">
              <value>
                <![CDATA["Validating Try here Page for negative input through the Arrays using List Page"]]>
              </value>
            </param>
            <param index="1">
              <value>
                <![CDATA["DsPortal Array Page Functionality"]]>
              </value>
            </param>
          </params>
          <reporter-output>
          </reporter-output>
        </test-method> <!-- runScenario -->
        <test-method signature="runScenario(io.cucumber.testng.PickleWrapper,io.cucumber.testng.FeatureWrapper)[pri:0, instance:runner.TestRunner@1b919693]" started-at="2024-10-21T00:37:11 PDT" name="runScenario" description="Runs Cucumber Scenarios" data-provider="scenarios" finished-at="2024-10-21T00:37:34 PDT" duration-ms="23138" status="PASS">
          <params>
            <param index="0">
              <value>
                <![CDATA["Validating Try here Page for negative input through the Arrays using List Page"]]>
              </value>
            </param>
            <param index="1">
              <value>
                <![CDATA["DsPortal Array Page Functionality"]]>
              </value>
            </param>
          </params>
          <reporter-output>
          </reporter-output>
        </test-method> <!-- runScenario -->
        <test-method signature="runScenario(io.cucumber.testng.PickleWrapper,io.cucumber.testng.FeatureWrapper)[pri:0, instance:runner.TestRunner@1b919693]" started-at="2024-10-21T00:37:12 PDT" name="runScenario" description="Runs Cucumber Scenarios" data-provider="scenarios" finished-at="2024-10-21T00:37:31 PDT" duration-ms="19366" status="PASS">
          <params>
            <param index="0">
              <value>
                <![CDATA["Validating Practice Questions link in Basic Operations in Lists Page"]]>
              </value>
            </param>
            <param index="1">
              <value>
                <![CDATA["DsPortal Array Page Functionality"]]>
              </value>
            </param>
          </params>
          <reporter-output>
          </reporter-output>
        </test-method> <!-- runScenario -->
        <test-method signature="runScenario(io.cucumber.testng.PickleWrapper,io.cucumber.testng.FeatureWrapper)[pri:0, instance:runner.TestRunner@1b919693]" started-at="2024-10-21T00:37:12 PDT" name="runScenario" description="Runs Cucumber Scenarios" data-provider="scenarios" finished-at="2024-10-21T00:37:30 PDT" duration-ms="17929" status="PASS">
          <params>
            <param index="0">
              <value>
                <![CDATA["Validating the Applications of Array link in Array Module Page"]]>
              </value>
            </param>
            <param index="1">
              <value>
                <![CDATA["DsPortal Array Page Functionality"]]>
              </value>
            </param>
          </params>
          <reporter-output>
          </reporter-output>
        </test-method> <!-- runScenario -->
        <test-method signature="runScenario(io.cucumber.testng.PickleWrapper,io.cucumber.testng.FeatureWrapper)[pri:0, instance:runner.TestRunner@1b919693]" started-at="2024-10-21T00:37:12 PDT" name="runScenario" description="Runs Cucumber Scenarios" data-provider="scenarios" finished-at="2024-10-21T00:37:33 PDT" duration-ms="20822" status="PASS">
          <params>
            <param index="0">
              <value>
                <![CDATA["Validating Try here button in Applications of Array Page"]]>
              </value>
            </param>
            <param index="1">
              <value>
                <![CDATA["DsPortal Array Page Functionality"]]>
              </value>
            </param>
          </params>
          <reporter-output>
          </reporter-output>
        </test-method> <!-- runScenario -->
        <test-method signature="runScenario(io.cucumber.testng.PickleWrapper,io.cucumber.testng.FeatureWrapper)[pri:0, instance:runner.TestRunner@1b919693]" started-at="2024-10-21T00:37:12 PDT" name="runScenario" description="Runs Cucumber Scenarios" data-provider="scenarios" finished-at="2024-10-21T00:37:36 PDT" duration-ms="23940" status="PASS">
          <params>
            <param index="0">
              <value>
                <![CDATA["Validating Try here Page for positive input through the Applications of Array Page"]]>
              </value>
            </param>
            <param index="1">
              <value>
                <![CDATA["DsPortal Array Page Functionality"]]>
              </value>
            </param>
          </params>
          <reporter-output>
          </reporter-output>
        </test-method> <!-- runScenario -->
        <test-method signature="runScenario(io.cucumber.testng.PickleWrapper,io.cucumber.testng.FeatureWrapper)[pri:0, instance:runner.TestRunner@1b919693]" started-at="2024-10-21T00:37:23 PDT" name="runScenario" description="Runs Cucumber Scenarios" data-provider="scenarios" finished-at="2024-10-21T00:37:47 PDT" duration-ms="23838" status="PASS">
          <params>
            <param index="0">
              <value>
                <![CDATA["Validating Try here Page for negative input through the Applications of Array Page"]]>
              </value>
            </param>
            <param index="1">
              <value>
                <![CDATA["DsPortal Array Page Functionality"]]>
              </value>
            </param>
          </params>
          <reporter-output>
          </reporter-output>
        </test-method> <!-- runScenario -->
        <test-method signature="runScenario(io.cucumber.testng.PickleWrapper,io.cucumber.testng.FeatureWrapper)[pri:0, instance:runner.TestRunner@1b919693]" started-at="2024-10-21T00:37:23 PDT" name="runScenario" description="Runs Cucumber Scenarios" data-provider="scenarios" finished-at="2024-10-21T00:37:45 PDT" duration-ms="21796" status="PASS">
          <params>
            <param index="0">
              <value>
                <![CDATA["Validating Try here Page for negative input through the Applications of Array Page"]]>
              </value>
            </param>
            <param index="1">
              <value>
                <![CDATA["DsPortal Array Page Functionality"]]>
              </value>
            </param>
          </params>
          <reporter-output>
          </reporter-output>
        </test-method> <!-- runScenario -->
        <test-method signature="runScenario(io.cucumber.testng.PickleWrapper,io.cucumber.testng.FeatureWrapper)[pri:0, instance:runner.TestRunner@1b919693]" started-at="2024-10-21T00:37:24 PDT" name="runScenario" description="Runs Cucumber Scenarios" data-provider="scenarios" finished-at="2024-10-21T00:37:42 PDT" duration-ms="18233" status="PASS">
          <params>
            <param index="0">
              <value>
                <![CDATA["Validating Practice Questions link in Applications of Array Page"]]>
              </value>
            </param>
            <param index="1">
              <value>
                <![CDATA["DsPortal Array Page Functionality"]]>
              </value>
            </param>
          </params>
          <reporter-output>
          </reporter-output>
        </test-method> <!-- runScenario -->
        <test-method signature="runScenario(io.cucumber.testng.PickleWrapper,io.cucumber.testng.FeatureWrapper)[pri:0, instance:runner.TestRunner@1b919693]" started-at="2024-10-21T00:37:25 PDT" name="runScenario" description="Runs Cucumber Scenarios" data-provider="scenarios" finished-at="2024-10-21T00:37:46 PDT" duration-ms="21707" status="PASS">
          <params>
            <param index="0">
              <value>
                <![CDATA["Validating Run button with valid and invalid code in Search the Array Page"]]>
              </value>
            </param>
            <param index="1">
              <value>
                <![CDATA["DsPortal Array Page Functionality"]]>
              </value>
            </param>
          </params>
          <reporter-output>
          </reporter-output>
        </test-method> <!-- runScenario -->
        <test-method signature="runScenario(io.cucumber.testng.PickleWrapper,io.cucumber.testng.FeatureWrapper)[pri:0, instance:runner.TestRunner@1b919693]" started-at="2024-10-21T00:37:25 PDT" name="runScenario" description="Runs Cucumber Scenarios" data-provider="scenarios" finished-at="2024-10-21T00:37:46 PDT" duration-ms="21385" status="PASS">
          <params>
            <param index="0">
              <value>
                <![CDATA["Validating Run button with valid and invalid code in Search the Array Page"]]>
              </value>
            </param>
            <param index="1">
              <value>
                <![CDATA["DsPortal Array Page Functionality"]]>
              </value>
            </param>
          </params>
          <reporter-output>
          </reporter-output>
        </test-method> <!-- runScenario -->
        <test-method signature="runScenario(io.cucumber.testng.PickleWrapper,io.cucumber.testng.FeatureWrapper)[pri:0, instance:runner.TestRunner@1b919693]" started-at="2024-10-21T00:37:30 PDT" name="runScenario" description="Runs Cucumber Scenarios" data-provider="scenarios" finished-at="2024-10-21T00:38:03 PDT" duration-ms="32969" status="PASS">
          <params>
            <param index="0">
              <value>
                <![CDATA["Validating Submit button with valid and invalid code in Search the Array Page"]]>
              </value>
            </param>
            <param index="1">
              <value>
                <![CDATA["DsPortal Array Page Functionality"]]>
              </value>
            </param>
          </params>
          <reporter-output>
          </reporter-output>
        </test-method> <!-- runScenario -->
        <test-method signature="runScenario(io.cucumber.testng.PickleWrapper,io.cucumber.testng.FeatureWrapper)[pri:0, instance:runner.TestRunner@1b919693]" started-at="2024-10-21T00:37:31 PDT" name="runScenario" description="Runs Cucumber Scenarios" data-provider="scenarios" finished-at="2024-10-21T00:38:01 PDT" duration-ms="29437" status="PASS">
          <params>
            <param index="0">
              <value>
                <![CDATA["Validating Run button with valid and invalid code in Max Consecutive Ones Page"]]>
              </value>
            </param>
            <param index="1">
              <value>
                <![CDATA["DsPortal Array Page Functionality"]]>
              </value>
            </param>
          </params>
          <reporter-output>
          </reporter-output>
        </test-method> <!-- runScenario -->
        <test-method signature="runScenario(io.cucumber.testng.PickleWrapper,io.cucumber.testng.FeatureWrapper)[pri:0, instance:runner.TestRunner@1b919693]" started-at="2024-10-21T00:37:33 PDT" name="runScenario" description="Runs Cucumber Scenarios" data-provider="scenarios" finished-at="2024-10-21T00:38:01 PDT" duration-ms="28304" status="FAIL">
          <params>
            <param index="0">
              <value>
                <![CDATA["Validating Run button with valid and invalid code in Max Consecutive Ones Page"]]>
              </value>
            </param>
            <param index="1">
              <value>
                <![CDATA["DsPortal Array Page Functionality"]]>
              </value>
            </param>
          </params>
          <exception class="java.lang.AssertionError">
            <message>
              <![CDATA[expected [1] but found [3]]]>
            </message>
            <full-stacktrace>
              <![CDATA[java.lang.AssertionError: expected [1] but found [3]
at org.testng.Assert.fail(Assert.java:111)
at org.testng.Assert.failNotEquals(Assert.java:1578)
at org.testng.Assert.assertEqualsImpl(Assert.java:150)
at org.testng.Assert.assertEquals(Assert.java:132)
at org.testng.Assert.assertEquals(Assert.java:656)
at org.testng.Assert.assertEquals(Assert.java:666)
at stepdefinitions.ArrayStep.the_User_should_vaidate_the_expected_output_in_the_Practice_Questions_Output_section(ArrayStep.java:365)
at ?.the User should vaidate the expected output in the Practice Questions Output section(file:///C:/Users/Palanivel/eclipse-workspace/asta_dsalgoBDD/./src/test/resources/features/Array.feature:222)
]]>
            </full-stacktrace>
          </exception> <!-- java.lang.AssertionError -->
          <reporter-output>
          </reporter-output>
        </test-method> <!-- runScenario -->
        <test-method signature="runScenario(io.cucumber.testng.PickleWrapper,io.cucumber.testng.FeatureWrapper)[pri:0, instance:runner.TestRunner@1b919693]" started-at="2024-10-21T00:37:34 PDT" name="runScenario" description="Runs Cucumber Scenarios" data-provider="scenarios" finished-at="2024-10-21T00:38:06 PDT" duration-ms="32800" status="PASS">
          <params>
            <param index="0">
              <value>
                <![CDATA["Validating Submit button with valid and invalid code in Max Consecutive Ones Page"]]>
              </value>
            </param>
            <param index="1">
              <value>
                <![CDATA["DsPortal Array Page Functionality"]]>
              </value>
            </param>
          </params>
          <reporter-output>
          </reporter-output>
        </test-method> <!-- runScenario -->
        <test-method signature="runScenario(io.cucumber.testng.PickleWrapper,io.cucumber.testng.FeatureWrapper)[pri:0, instance:runner.TestRunner@1b919693]" started-at="2024-10-21T00:37:36 PDT" name="runScenario" description="Runs Cucumber Scenarios" data-provider="scenarios" finished-at="2024-10-21T00:38:02 PDT" duration-ms="25996" status="PASS">
          <params>
            <param index="0">
              <value>
                <![CDATA["Validating Run button with valid and invalid code in Find Numbers with Even Number of Digits Page"]]>
              </value>
            </param>
            <param index="1">
              <value>
                <![CDATA["DsPortal Array Page Functionality"]]>
              </value>
            </param>
          </params>
          <reporter-output>
          </reporter-output>
        </test-method> <!-- runScenario -->
        <test-method signature="runScenario(io.cucumber.testng.PickleWrapper,io.cucumber.testng.FeatureWrapper)[pri:0, instance:runner.TestRunner@1b919693]" started-at="2024-10-21T00:37:42 PDT" name="runScenario" description="Runs Cucumber Scenarios" data-provider="scenarios" finished-at="2024-10-21T00:38:18 PDT" duration-ms="35743" status="PASS">
          <params>
            <param index="0">
              <value>
                <![CDATA["Validating Run button with valid and invalid code in Find Numbers with Even Number of Digits Page"]]>
              </value>
            </param>
            <param index="1">
              <value>
                <![CDATA["DsPortal Array Page Functionality"]]>
              </value>
            </param>
          </params>
          <reporter-output>
          </reporter-output>
        </test-method> <!-- runScenario -->
        <test-method signature="runScenario(io.cucumber.testng.PickleWrapper,io.cucumber.testng.FeatureWrapper)[pri:0, instance:runner.TestRunner@1b919693]" started-at="2024-10-21T00:37:45 PDT" name="runScenario" description="Runs Cucumber Scenarios" data-provider="scenarios" finished-at="2024-10-21T00:38:26 PDT" duration-ms="41446" status="PASS">
          <params>
            <param index="0">
              <value>
                <![CDATA["Validating Submit button with valid and invalid code in Find Numbers with Even Number of Digits Page"]]>
              </value>
            </param>
            <param index="1">
              <value>
                <![CDATA["DsPortal Array Page Functionality"]]>
              </value>
            </param>
          </params>
          <reporter-output>
          </reporter-output>
        </test-method> <!-- runScenario -->
        <test-method signature="runScenario(io.cucumber.testng.PickleWrapper,io.cucumber.testng.FeatureWrapper)[pri:0, instance:runner.TestRunner@1b919693]" started-at="2024-10-21T00:37:46 PDT" name="runScenario" description="Runs Cucumber Scenarios" data-provider="scenarios" finished-at="2024-10-21T00:38:28 PDT" duration-ms="42178" status="PASS">
          <params>
            <param index="0">
              <value>
                <![CDATA["Validating Run button with valid and invalid code in Squares of a Sorted Array Page"]]>
              </value>
            </param>
            <param index="1">
              <value>
                <![CDATA["DsPortal Array Page Functionality"]]>
              </value>
            </param>
          </params>
          <reporter-output>
          </reporter-output>
        </test-method> <!-- runScenario -->
        <test-method signature="runScenario(io.cucumber.testng.PickleWrapper,io.cucumber.testng.FeatureWrapper)[pri:0, instance:runner.TestRunner@1b919693]" started-at="2024-10-21T00:37:46 PDT" name="runScenario" description="Runs Cucumber Scenarios" data-provider="scenarios" finished-at="2024-10-21T00:38:20 PDT" duration-ms="33488" status="PASS">
          <params>
            <param index="0">
              <value>
                <![CDATA["Validating Run button with valid and invalid code in Squares of a Sorted Array Page"]]>
              </value>
            </param>
            <param index="1">
              <value>
                <![CDATA["DsPortal Array Page Functionality"]]>
              </value>
            </param>
          </params>
          <reporter-output>
          </reporter-output>
        </test-method> <!-- runScenario -->
        <test-method signature="runScenario(io.cucumber.testng.PickleWrapper,io.cucumber.testng.FeatureWrapper)[pri:0, instance:runner.TestRunner@1b919693]" started-at="2024-10-21T00:37:47 PDT" name="runScenario" description="Runs Cucumber Scenarios" data-provider="scenarios" finished-at="2024-10-21T00:38:22 PDT" duration-ms="35173" status="PASS">
          <params>
            <param index="0">
              <value>
                <![CDATA["Validating Submit button with valid and invalid code in Squares of a Sorted Array Page"]]>
              </value>
            </param>
            <param index="1">
              <value>
                <![CDATA["DsPortal Array Page Functionality"]]>
              </value>
            </param>
          </params>
          <reporter-output>
          </reporter-output>
        </test-method> <!-- runScenario -->
        <test-method signature="runScenario(io.cucumber.testng.PickleWrapper,io.cucumber.testng.FeatureWrapper)[pri:0, instance:runner.TestRunner@1b919693]" started-at="2024-10-21T00:38:01 PDT" name="runScenario" description="Runs Cucumber Scenarios" data-provider="scenarios" finished-at="2024-10-21T00:38:18 PDT" duration-ms="17361" status="FAIL">
          <params>
            <param index="0">
              <value>
                <![CDATA["Validate the DataStructure module page by clicking Get Started"]]>
              </value>
            </param>
            <param index="1">
              <value>
                <![CDATA["Ds Portal DataStructure-Introduction Page Functionality"]]>
              </value>
            </param>
          </params>
          <exception class="org.openqa.selenium.NoSuchElementException">
            <message>
              <![CDATA[no such element: Unable to locate element: {"method":"xpath","selector":"//button[text()='Get Started']"}
  (Session info: chrome=129.0.6668.101)
For documentation on this error, please visit: https://www.selenium.dev/documentation/webdriver/troubleshooting/errors#no-such-element-exception
Build info: version: '4.24.0', revision: '748ffc9bc3'
System info: os.name: 'Windows 11', os.arch: 'amd64', os.version: '10.0', java.version: '17.0.10'
Driver info: org.openqa.selenium.chrome.ChromeDriver
Command: [6d586d1640a11752f089ac541872b3df, findElement {using=xpath, value=//button[text()='Get Started']}]
Capabilities {acceptInsecureCerts: false, browserName: chrome, browserVersion: 129.0.6668.101, chrome: {chromedriverVersion: 129.0.6668.100 (cf58cba358d..., userDataDir: C:\Users\PALANI~1\AppData\L...}, fedcm:accounts: true, goog:chromeOptions: {debuggerAddress: localhost:56009}, networkConnectionEnabled: false, pageLoadStrategy: normal, platformName: windows, proxy: Proxy(), se:cdp: ws://localhost:56009/devtoo..., se:cdpVersion: 129.0.6668.101, setWindowRect: true, strictFileInteractability: false, timeouts: {implicit: 0, pageLoad: 300000, script: 30000}, unhandledPromptBehavior: dismiss and notify, webauthn:extension:credBlob: true, webauthn:extension:largeBlob: true, webauthn:extension:minPinLength: true, webauthn:extension:prf: true, webauthn:virtualAuthenticators: true}
Session ID: 6d586d1640a11752f089ac541872b3df]]>
            </message>
            <full-stacktrace>
              <![CDATA[org.openqa.selenium.NoSuchElementException: no such element: Unable to locate element: {"method":"xpath","selector":"//button[text()='Get Started']"}
  (Session info: chrome=129.0.6668.101)
For documentation on this error, please visit: https://www.selenium.dev/documentation/webdriver/troubleshooting/errors#no-such-element-exception
Build info: version: '4.24.0', revision: '748ffc9bc3'
System info: os.name: 'Windows 11', os.arch: 'amd64', os.version: '10.0', java.version: '17.0.10'
Driver info: org.openqa.selenium.chrome.ChromeDriver
Command: [6d586d1640a11752f089ac541872b3df, findElement {using=xpath, value=//button[text()='Get Started']}]
Capabilities {acceptInsecureCerts: false, browserName: chrome, browserVersion: 129.0.6668.101, chrome: {chromedriverVersion: 129.0.6668.100 (cf58cba358d..., userDataDir: C:\Users\PALANI~1\AppData\L...}, fedcm:accounts: true, goog:chromeOptions: {debuggerAddress: localhost:56009}, networkConnectionEnabled: false, pageLoadStrategy: normal, platformName: windows, proxy: Proxy(), se:cdp: ws://localhost:56009/devtoo..., se:cdpVersion: 129.0.6668.101, setWindowRect: true, strictFileInteractability: false, timeouts: {implicit: 0, pageLoad: 300000, script: 30000}, unhandledPromptBehavior: dismiss and notify, webauthn:extension:credBlob: true, webauthn:extension:largeBlob: true, webauthn:extension:minPinLength: true, webauthn:extension:prf: true, webauthn:virtualAuthenticators: true}
Session ID: 6d586d1640a11752f089ac541872b3df
at java.base/jdk.internal.reflect.NativeConstructorAccessorImpl.newInstance0(Native Method)
at java.base/jdk.internal.reflect.NativeConstructorAccessorImpl.newInstance(NativeConstructorAccessorImpl.java:77)
at java.base/jdk.internal.reflect.DelegatingConstructorAccessorImpl.newInstance(DelegatingConstructorAccessorImpl.java:45)
at java.base/java.lang.reflect.Constructor.newInstanceWithCaller(Constructor.java:499)
at java.base/java.lang.reflect.Constructor.newInstance(Constructor.java:480)
at org.openqa.selenium.remote.ErrorCodec.decode(ErrorCodec.java:167)
at org.openqa.selenium.remote.codec.w3c.W3CHttpResponseCodec.decode(W3CHttpResponseCodec.java:138)
at org.openqa.selenium.remote.codec.w3c.W3CHttpResponseCodec.decode(W3CHttpResponseCodec.java:50)
at org.openqa.selenium.remote.HttpCommandExecutor.execute(HttpCommandExecutor.java:190)
at org.openqa.selenium.remote.service.DriverCommandExecutor.invokeExecute(DriverCommandExecutor.java:216)
at org.openqa.selenium.remote.service.DriverCommandExecutor.execute(DriverCommandExecutor.java:174)
at org.openqa.selenium.remote.RemoteWebDriver.execute(RemoteWebDriver.java:545)
at org.openqa.selenium.remote.ElementLocation$ElementFinder$2.findElement(ElementLocation.java:165)
at org.openqa.selenium.remote.ElementLocation.findElement(ElementLocation.java:59)
at org.openqa.selenium.remote.RemoteWebDriver.findElement(RemoteWebDriver.java:368)
at org.openqa.selenium.remote.RemoteWebDriver.findElement(RemoteWebDriver.java:362)
at org.openqa.selenium.support.pagefactory.DefaultElementLocator.findElement(DefaultElementLocator.java:68)
at org.openqa.selenium.support.pagefactory.internal.LocatingElementHandler.invoke(LocatingElementHandler.java:38)
at jdk.proxy2/jdk.proxy2.$Proxy28.click(Unknown Source)
at pageObjects.HomePage.getStartedhomeclick(HomePage.java:83)
at stepdefinitions.LoginStep.the_user_is_on_the_login_page(LoginStep.java:37)
at ?.The User is on the login page(file:///C:/Users/Palanivel/eclipse-workspace/asta_dsalgoBDD/./src/test/resources/features/DataStructure.feature:5)
]]>
            </full-stacktrace>
          </exception> <!-- org.openqa.selenium.NoSuchElementException -->
          <reporter-output>
          </reporter-output>
        </test-method> <!-- runScenario -->
        <test-method signature="runScenario(io.cucumber.testng.PickleWrapper,io.cucumber.testng.FeatureWrapper)[pri:0, instance:runner.TestRunner@1b919693]" started-at="2024-10-21T00:38:01 PDT" name="runScenario" description="Runs Cucumber Scenarios" data-provider="scenarios" finished-at="2024-10-21T00:38:17 PDT" duration-ms="16141" status="PASS">
          <params>
            <param index="0">
              <value>
                <![CDATA["Validate the DataStructure Introduction page Timecomplexity link"]]>
              </value>
            </param>
            <param index="1">
              <value>
                <![CDATA["Ds Portal DataStructure-Introduction Page Functionality"]]>
              </value>
            </param>
          </params>
          <reporter-output>
          </reporter-output>
        </test-method> <!-- runScenario -->
        <test-method signature="runScenario(io.cucumber.testng.PickleWrapper,io.cucumber.testng.FeatureWrapper)[pri:0, instance:runner.TestRunner@1b919693]" started-at="2024-10-21T00:38:02 PDT" name="runScenario" description="Runs Cucumber Scenarios" data-provider="scenarios" finished-at="2024-10-21T00:38:26 PDT" duration-ms="24146" status="PASS">
          <params>
            <param index="0">
              <value>
                <![CDATA["Validate the Time Complexity pageTry here"]]>
              </value>
            </param>
            <param index="1">
              <value>
                <![CDATA["Ds Portal DataStructure-Introduction Page Functionality"]]>
              </value>
            </param>
          </params>
          <reporter-output>
          </reporter-output>
        </test-method> <!-- runScenario -->
        <test-method signature="runScenario(io.cucumber.testng.PickleWrapper,io.cucumber.testng.FeatureWrapper)[pri:0, instance:runner.TestRunner@1b919693]" started-at="2024-10-21T00:38:03 PDT" name="runScenario" description="Runs Cucumber Scenarios" data-provider="scenarios" finished-at="2024-10-21T00:38:27 PDT" duration-ms="23792" status="PASS">
          <params>
            <param index="0">
              <value>
                <![CDATA["Validate the Try editor for positive input from Time Complexity page"]]>
              </value>
            </param>
            <param index="1">
              <value>
                <![CDATA["Ds Portal DataStructure-Introduction Page Functionality"]]>
              </value>
            </param>
          </params>
          <reporter-output>
          </reporter-output>
        </test-method> <!-- runScenario -->
        <test-method signature="runScenario(io.cucumber.testng.PickleWrapper,io.cucumber.testng.FeatureWrapper)[pri:0, instance:runner.TestRunner@1b919693]" started-at="2024-10-21T00:38:06 PDT" name="runScenario" description="Runs Cucumber Scenarios" data-provider="scenarios" finished-at="2024-10-21T00:38:29 PDT" duration-ms="22108" status="PASS">
          <params>
            <param index="0">
              <value>
                <![CDATA["validate the Try editor for negative input from Time Complexity page"]]>
              </value>
            </param>
            <param index="1">
              <value>
                <![CDATA["Ds Portal DataStructure-Introduction Page Functionality"]]>
              </value>
            </param>
          </params>
          <reporter-output>
          </reporter-output>
        </test-method> <!-- runScenario -->
        <test-method signature="runScenario(io.cucumber.testng.PickleWrapper,io.cucumber.testng.FeatureWrapper)[pri:0, instance:runner.TestRunner@1b919693]" started-at="2024-10-21T00:38:17 PDT" name="runScenario" description="Runs Cucumber Scenarios" data-provider="scenarios" finished-at="2024-10-21T00:38:36 PDT" duration-ms="18965" status="PASS">
          <params>
            <param index="0">
              <value>
                <![CDATA["validate the Try editor for negative input from Time Complexity page"]]>
              </value>
            </param>
            <param index="1">
              <value>
                <![CDATA["Ds Portal DataStructure-Introduction Page Functionality"]]>
              </value>
            </param>
          </params>
          <reporter-output>
          </reporter-output>
        </test-method> <!-- runScenario -->
        <test-method signature="runScenario(io.cucumber.testng.PickleWrapper,io.cucumber.testng.FeatureWrapper)[pri:0, instance:runner.TestRunner@1b919693]" started-at="2024-10-21T00:38:18 PDT" name="runScenario" description="Runs Cucumber Scenarios" data-provider="scenarios" finished-at="2024-10-21T00:38:47 PDT" duration-ms="29220" status="FAIL">
          <params>
            <param index="0">
              <value>
                <![CDATA["Validate the Time Complexity page Practice Questions"]]>
              </value>
            </param>
            <param index="1">
              <value>
                <![CDATA["Ds Portal DataStructure-Introduction Page Functionality"]]>
              </value>
            </param>
          </params>
          <exception class="java.lang.AssertionError">
            <message>
              <![CDATA[No questions found]]>
            </message>
            <full-stacktrace>
              <![CDATA[java.lang.AssertionError: No questions found
at org.testng.Assert.fail(Assert.java:111)
at stepdefinitions.DataStructureStep.user_should_view_the_Practice_Questions_of_DataStructure(DataStructureStep.java:76)
at ?.user should view the Practice Questions of DataStructure(file:///C:/Users/Palanivel/eclipse-workspace/asta_dsalgoBDD/./src/test/resources/features/DataStructure.feature:52)
]]>
            </full-stacktrace>
          </exception> <!-- java.lang.AssertionError -->
          <reporter-output>
          </reporter-output>
        </test-method> <!-- runScenario -->
        <test-method signature="runScenario(io.cucumber.testng.PickleWrapper,io.cucumber.testng.FeatureWrapper)[pri:0, instance:runner.TestRunner@1b919693]" started-at="2024-10-21T00:38:18 PDT" name="runScenario" description="Runs Cucumber Scenarios" data-provider="scenarios" finished-at="2024-10-21T00:38:36 PDT" duration-ms="17977" status="PASS">
          <params>
            <param index="0">
              <value>
                <![CDATA["Validate the Logo of NumpyNinja in the Home page"]]>
              </value>
            </param>
            <param index="1">
              <value>
                <![CDATA["DsAlgo Homepage Functionality"]]>
              </value>
            </param>
          </params>
          <reporter-output>
          </reporter-output>
        </test-method> <!-- runScenario -->
        <test-method signature="runScenario(io.cucumber.testng.PickleWrapper,io.cucumber.testng.FeatureWrapper)[pri:0, instance:runner.TestRunner@1b919693]" started-at="2024-10-21T00:38:20 PDT" name="runScenario" description="Runs Cucumber Scenarios" data-provider="scenarios" finished-at="2024-10-21T00:38:36 PDT" duration-ms="16416" status="PASS">
          <params>
            <param index="0">
              <value>
                <![CDATA["Validating the Datastructure Introduction dropdown"]]>
              </value>
            </param>
            <param index="1">
              <value>
                <![CDATA["DsAlgo Homepage Functionality"]]>
              </value>
            </param>
          </params>
          <reporter-output>
          </reporter-output>
        </test-method> <!-- runScenario -->
        <test-method signature="runScenario(io.cucumber.testng.PickleWrapper,io.cucumber.testng.FeatureWrapper)[pri:0, instance:runner.TestRunner@1b919693]" started-at="2024-10-21T00:38:22 PDT" name="runScenario" description="Runs Cucumber Scenarios" data-provider="scenarios" finished-at="2024-10-21T00:38:37 PDT" duration-ms="15467" status="PASS">
          <params>
            <param index="0">
              <value>
                <![CDATA["Validating the Arrays page by clicking from the dropdown list"]]>
              </value>
            </param>
            <param index="1">
              <value>
                <![CDATA["DsAlgo Homepage Functionality"]]>
              </value>
            </param>
          </params>
          <reporter-output>
          </reporter-output>
        </test-method> <!-- runScenario -->
        <test-method signature="runScenario(io.cucumber.testng.PickleWrapper,io.cucumber.testng.FeatureWrapper)[pri:0, instance:runner.TestRunner@1b919693]" started-at="2024-10-21T00:38:26 PDT" name="runScenario" description="Runs Cucumber Scenarios" data-provider="scenarios" finished-at="2024-10-21T00:38:38 PDT" duration-ms="11645" status="PASS">
          <params>
            <param index="0">
              <value>
                <![CDATA["Validating the Linked List page by clicking from the dropdown list"]]>
              </value>
            </param>
            <param index="1">
              <value>
                <![CDATA["DsAlgo Homepage Functionality"]]>
              </value>
            </param>
          </params>
          <reporter-output>
          </reporter-output>
        </test-method> <!-- runScenario -->
        <test-method signature="runScenario(io.cucumber.testng.PickleWrapper,io.cucumber.testng.FeatureWrapper)[pri:0, instance:runner.TestRunner@1b919693]" started-at="2024-10-21T00:38:26 PDT" name="runScenario" description="Runs Cucumber Scenarios" data-provider="scenarios" finished-at="2024-10-21T00:38:38 PDT" duration-ms="11633" status="PASS">
          <params>
            <param index="0">
              <value>
                <![CDATA["Validating the Stack page by clicking the from dropdown list"]]>
              </value>
            </param>
            <param index="1">
              <value>
                <![CDATA["DsAlgo Homepage Functionality"]]>
              </value>
            </param>
          </params>
          <reporter-output>
          </reporter-output>
        </test-method> <!-- runScenario -->
        <test-method signature="runScenario(io.cucumber.testng.PickleWrapper,io.cucumber.testng.FeatureWrapper)[pri:0, instance:runner.TestRunner@1b919693]" started-at="2024-10-21T00:38:27 PDT" name="runScenario" description="Runs Cucumber Scenarios" data-provider="scenarios" finished-at="2024-10-21T00:38:39 PDT" duration-ms="12069" status="PASS">
          <params>
            <param index="0">
              <value>
                <![CDATA["Validating the Queue page by clicking the from dropdown list"]]>
              </value>
            </param>
            <param index="1">
              <value>
                <![CDATA["DsAlgo Homepage Functionality"]]>
              </value>
            </param>
          </params>
          <reporter-output>
          </reporter-output>
        </test-method> <!-- runScenario -->
        <test-method signature="runScenario(io.cucumber.testng.PickleWrapper,io.cucumber.testng.FeatureWrapper)[pri:0, instance:runner.TestRunner@1b919693]" started-at="2024-10-21T00:38:28 PDT" name="runScenario" description="Runs Cucumber Scenarios" data-provider="scenarios" finished-at="2024-10-21T00:38:45 PDT" duration-ms="16847" status="PASS">
          <params>
            <param index="0">
              <value>
                <![CDATA["Validating the Tree page by clicking the from dropdown list"]]>
              </value>
            </param>
            <param index="1">
              <value>
                <![CDATA["DsAlgo Homepage Functionality"]]>
              </value>
            </param>
          </params>
          <reporter-output>
          </reporter-output>
        </test-method> <!-- runScenario -->
        <test-method signature="runScenario(io.cucumber.testng.PickleWrapper,io.cucumber.testng.FeatureWrapper)[pri:0, instance:runner.TestRunner@1b919693]" started-at="2024-10-21T00:38:29 PDT" name="runScenario" description="Runs Cucumber Scenarios" data-provider="scenarios" finished-at="2024-10-21T00:38:45 PDT" duration-ms="16567" status="PASS">
          <params>
            <param index="0">
              <value>
                <![CDATA["Validating the Graph page by clicking the from dropdown list"]]>
              </value>
            </param>
            <param index="1">
              <value>
                <![CDATA["DsAlgo Homepage Functionality"]]>
              </value>
            </param>
          </params>
          <reporter-output>
          </reporter-output>
        </test-method> <!-- runScenario -->
        <test-method signature="runScenario(io.cucumber.testng.PickleWrapper,io.cucumber.testng.FeatureWrapper)[pri:0, instance:runner.TestRunner@1b919693]" started-at="2024-10-21T00:38:36 PDT" name="runScenario" description="Runs Cucumber Scenarios" data-provider="scenarios" finished-at="2024-10-21T00:38:48 PDT" duration-ms="11892" status="PASS">
          <params>
            <param index="0">
              <value>
                <![CDATA["Validating the account holdername in the Homepage"]]>
              </value>
            </param>
            <param index="1">
              <value>
                <![CDATA["DsAlgo Homepage Functionality"]]>
              </value>
            </param>
          </params>
          <reporter-output>
          </reporter-output>
        </test-method> <!-- runScenario -->
        <test-method signature="runScenario(io.cucumber.testng.PickleWrapper,io.cucumber.testng.FeatureWrapper)[pri:0, instance:runner.TestRunner@1b919693]" started-at="2024-10-21T00:38:36 PDT" name="runScenario" description="Runs Cucumber Scenarios" data-provider="scenarios" finished-at="2024-10-21T00:38:49 PDT" duration-ms="12604" status="PASS">
          <params>
            <param index="0">
              <value>
                <![CDATA["Validating the signout of the user account"]]>
              </value>
            </param>
            <param index="1">
              <value>
                <![CDATA["DsAlgo Homepage Functionality"]]>
              </value>
            </param>
          </params>
          <reporter-output>
          </reporter-output>
        </test-method> <!-- runScenario -->
        <test-method signature="runScenario(io.cucumber.testng.PickleWrapper,io.cucumber.testng.FeatureWrapper)[pri:0, instance:runner.TestRunner@1b919693]" started-at="2024-10-21T00:38:36 PDT" name="runScenario" description="Runs Cucumber Scenarios" data-provider="scenarios" finished-at="2024-10-21T00:38:48 PDT" duration-ms="11721" status="PASS">
          <params>
            <param index="0">
              <value>
                <![CDATA["validate linked list page"]]>
              </value>
            </param>
            <param index="1">
              <value>
                <![CDATA["DS Portal Linked List Page Functionality"]]>
              </value>
            </param>
          </params>
          <reporter-output>
          </reporter-output>
        </test-method> <!-- runScenario -->
        <test-method signature="runScenario(io.cucumber.testng.PickleWrapper,io.cucumber.testng.FeatureWrapper)[pri:0, instance:runner.TestRunner@1b919693]" started-at="2024-10-21T00:38:37 PDT" name="runScenario" description="Runs Cucumber Scenarios" data-provider="scenarios" finished-at="2024-10-21T00:38:54 PDT" duration-ms="17107" status="PASS">
          <params>
            <param index="0">
              <value>
                <![CDATA["validate the Introduction page"]]>
              </value>
            </param>
            <param index="1">
              <value>
                <![CDATA["DS Portal Linked List Page Functionality"]]>
              </value>
            </param>
          </params>
          <reporter-output>
          </reporter-output>
        </test-method> <!-- runScenario -->
        <test-method signature="runScenario(io.cucumber.testng.PickleWrapper,io.cucumber.testng.FeatureWrapper)[pri:0, instance:runner.TestRunner@1b919693]" started-at="2024-10-21T00:38:38 PDT" name="runScenario" description="Runs Cucumber Scenarios" data-provider="scenarios" finished-at="2024-10-21T00:38:59 PDT" duration-ms="21525" status="PASS">
          <params>
            <param index="0">
              <value>
                <![CDATA["validate the Try here page from Introduction page"]]>
              </value>
            </param>
            <param index="1">
              <value>
                <![CDATA["DS Portal Linked List Page Functionality"]]>
              </value>
            </param>
          </params>
          <reporter-output>
          </reporter-output>
        </test-method> <!-- runScenario -->
        <test-method signature="runScenario(io.cucumber.testng.PickleWrapper,io.cucumber.testng.FeatureWrapper)[pri:0, instance:runner.TestRunner@1b919693]" started-at="2024-10-21T00:38:38 PDT" name="runScenario" description="Runs Cucumber Scenarios" data-provider="scenarios" finished-at="2024-10-21T00:39:00 PDT" duration-ms="22601" status="PASS">
          <params>
            <param index="0">
              <value>
                <![CDATA["Validate the Try editor for positive input from Introduction page"]]>
              </value>
            </param>
            <param index="1">
              <value>
                <![CDATA["DS Portal Linked List Page Functionality"]]>
              </value>
            </param>
          </params>
          <reporter-output>
          </reporter-output>
        </test-method> <!-- runScenario -->
        <test-method signature="runScenario(io.cucumber.testng.PickleWrapper,io.cucumber.testng.FeatureWrapper)[pri:0, instance:runner.TestRunner@1b919693]" started-at="2024-10-21T00:38:39 PDT" name="runScenario" description="Runs Cucumber Scenarios" data-provider="scenarios" finished-at="2024-10-21T00:39:00 PDT" duration-ms="21423" status="PASS">
          <params>
            <param index="0">
              <value>
                <![CDATA["validate the Try editor for negative input from Introduction page"]]>
              </value>
            </param>
            <param index="1">
              <value>
                <![CDATA["DS Portal Linked List Page Functionality"]]>
              </value>
            </param>
          </params>
          <reporter-output>
          </reporter-output>
        </test-method> <!-- runScenario -->
        <test-method signature="runScenario(io.cucumber.testng.PickleWrapper,io.cucumber.testng.FeatureWrapper)[pri:0, instance:runner.TestRunner@1b919693]" started-at="2024-10-21T00:38:45 PDT" name="runScenario" description="Runs Cucumber Scenarios" data-provider="scenarios" finished-at="2024-10-21T00:39:05 PDT" duration-ms="20136" status="PASS">
          <params>
            <param index="0">
              <value>
                <![CDATA["validate the Try editor for negative input from Introduction page"]]>
              </value>
            </param>
            <param index="1">
              <value>
                <![CDATA["DS Portal Linked List Page Functionality"]]>
              </value>
            </param>
          </params>
          <reporter-output>
          </reporter-output>
        </test-method> <!-- runScenario -->
        <test-method signature="runScenario(io.cucumber.testng.PickleWrapper,io.cucumber.testng.FeatureWrapper)[pri:0, instance:runner.TestRunner@1b919693]" started-at="2024-10-21T00:38:45 PDT" name="runScenario" description="Runs Cucumber Scenarios" data-provider="scenarios" finished-at="2024-10-21T00:39:00 PDT" duration-ms="15142" status="PASS">
          <params>
            <param index="0">
              <value>
                <![CDATA["validate the Creating linked list page"]]>
              </value>
            </param>
            <param index="1">
              <value>
                <![CDATA["DS Portal Linked List Page Functionality"]]>
              </value>
            </param>
          </params>
          <reporter-output>
          </reporter-output>
        </test-method> <!-- runScenario -->
        <test-method signature="runScenario(io.cucumber.testng.PickleWrapper,io.cucumber.testng.FeatureWrapper)[pri:0, instance:runner.TestRunner@1b919693]" started-at="2024-10-21T00:38:47 PDT" name="runScenario" description="Runs Cucumber Scenarios" data-provider="scenarios" finished-at="2024-10-21T00:39:06 PDT" duration-ms="18997" status="PASS">
          <params>
            <param index="0">
              <value>
                <![CDATA["validate the Try here page from Creating Linked list page"]]>
              </value>
            </param>
            <param index="1">
              <value>
                <![CDATA["DS Portal Linked List Page Functionality"]]>
              </value>
            </param>
          </params>
          <reporter-output>
          </reporter-output>
        </test-method> <!-- runScenario -->
        <test-method signature="runScenario(io.cucumber.testng.PickleWrapper,io.cucumber.testng.FeatureWrapper)[pri:0, instance:runner.TestRunner@1b919693]" started-at="2024-10-21T00:38:48 PDT" name="runScenario" description="Runs Cucumber Scenarios" data-provider="scenarios" finished-at="2024-10-21T00:39:12 PDT" duration-ms="23974" status="PASS">
          <params>
            <param index="0">
              <value>
                <![CDATA["validate the Try editor for positive input from Creating Linked list page"]]>
              </value>
            </param>
            <param index="1">
              <value>
                <![CDATA["DS Portal Linked List Page Functionality"]]>
              </value>
            </param>
          </params>
          <reporter-output>
          </reporter-output>
        </test-method> <!-- runScenario -->
        <test-method signature="runScenario(io.cucumber.testng.PickleWrapper,io.cucumber.testng.FeatureWrapper)[pri:0, instance:runner.TestRunner@1b919693]" started-at="2024-10-21T00:38:48 PDT" name="runScenario" description="Runs Cucumber Scenarios" data-provider="scenarios" finished-at="2024-10-21T00:39:12 PDT" duration-ms="24000" status="PASS">
          <params>
            <param index="0">
              <value>
                <![CDATA["validate the Try editor for negative input from Creating Linked list page"]]>
              </value>
            </param>
            <param index="1">
              <value>
                <![CDATA["DS Portal Linked List Page Functionality"]]>
              </value>
            </param>
          </params>
          <reporter-output>
          </reporter-output>
        </test-method> <!-- runScenario -->
        <test-method signature="runScenario(io.cucumber.testng.PickleWrapper,io.cucumber.testng.FeatureWrapper)[pri:0, instance:runner.TestRunner@1b919693]" started-at="2024-10-21T00:38:49 PDT" name="runScenario" description="Runs Cucumber Scenarios" data-provider="scenarios" finished-at="2024-10-21T00:39:13 PDT" duration-ms="23923" status="PASS">
          <params>
            <param index="0">
              <value>
                <![CDATA["validate the Try editor for negative input from Creating Linked list page"]]>
              </value>
            </param>
            <param index="1">
              <value>
                <![CDATA["DS Portal Linked List Page Functionality"]]>
              </value>
            </param>
          </params>
          <reporter-output>
          </reporter-output>
        </test-method> <!-- runScenario -->
        <test-method signature="runScenario(io.cucumber.testng.PickleWrapper,io.cucumber.testng.FeatureWrapper)[pri:0, instance:runner.TestRunner@1b919693]" started-at="2024-10-21T00:38:54 PDT" name="runScenario" description="Runs Cucumber Scenarios" data-provider="scenarios" finished-at="2024-10-21T00:39:12 PDT" duration-ms="17838" status="PASS">
          <params>
            <param index="0">
              <value>
                <![CDATA["validate the Types of linked list page"]]>
              </value>
            </param>
            <param index="1">
              <value>
                <![CDATA["DS Portal Linked List Page Functionality"]]>
              </value>
            </param>
          </params>
          <reporter-output>
          </reporter-output>
        </test-method> <!-- runScenario -->
        <test-method signature="runScenario(io.cucumber.testng.PickleWrapper,io.cucumber.testng.FeatureWrapper)[pri:0, instance:runner.TestRunner@1b919693]" started-at="2024-10-21T00:38:59 PDT" name="runScenario" description="Runs Cucumber Scenarios" data-provider="scenarios" finished-at="2024-10-21T00:39:16 PDT" duration-ms="16561" status="PASS">
          <params>
            <param index="0">
              <value>
                <![CDATA["validate the Try here page from Types of Linked List page"]]>
              </value>
            </param>
            <param index="1">
              <value>
                <![CDATA["DS Portal Linked List Page Functionality"]]>
              </value>
            </param>
          </params>
          <reporter-output>
          </reporter-output>
        </test-method> <!-- runScenario -->
        <test-method signature="runScenario(io.cucumber.testng.PickleWrapper,io.cucumber.testng.FeatureWrapper)[pri:0, instance:runner.TestRunner@1b919693]" started-at="2024-10-21T00:39:00 PDT" name="runScenario" description="Runs Cucumber Scenarios" data-provider="scenarios" finished-at="2024-10-21T00:39:22 PDT" duration-ms="22197" status="PASS">
          <params>
            <param index="0">
              <value>
                <![CDATA["validate the Try editor for positive input from Types of Linked List page"]]>
              </value>
            </param>
            <param index="1">
              <value>
                <![CDATA["DS Portal Linked List Page Functionality"]]>
              </value>
            </param>
          </params>
          <reporter-output>
          </reporter-output>
        </test-method> <!-- runScenario -->
        <test-method signature="runScenario(io.cucumber.testng.PickleWrapper,io.cucumber.testng.FeatureWrapper)[pri:0, instance:runner.TestRunner@1b919693]" started-at="2024-10-21T00:39:00 PDT" name="runScenario" description="Runs Cucumber Scenarios" data-provider="scenarios" finished-at="2024-10-21T00:39:21 PDT" duration-ms="20540" status="PASS">
          <params>
            <param index="0">
              <value>
                <![CDATA["validate the Try editor for negative input from Types of Linked List page"]]>
              </value>
            </param>
            <param index="1">
              <value>
                <![CDATA["DS Portal Linked List Page Functionality"]]>
              </value>
            </param>
          </params>
          <reporter-output>
          </reporter-output>
        </test-method> <!-- runScenario -->
        <test-method signature="runScenario(io.cucumber.testng.PickleWrapper,io.cucumber.testng.FeatureWrapper)[pri:0, instance:runner.TestRunner@1b919693]" started-at="2024-10-21T00:39:00 PDT" name="runScenario" description="Runs Cucumber Scenarios" data-provider="scenarios" finished-at="2024-10-21T00:39:23 PDT" duration-ms="22578" status="PASS">
          <params>
            <param index="0">
              <value>
                <![CDATA["validate the Try editor for negative input from Types of Linked List page"]]>
              </value>
            </param>
            <param index="1">
              <value>
                <![CDATA["DS Portal Linked List Page Functionality"]]>
              </value>
            </param>
          </params>
          <reporter-output>
          </reporter-output>
        </test-method> <!-- runScenario -->
        <test-method signature="runScenario(io.cucumber.testng.PickleWrapper,io.cucumber.testng.FeatureWrapper)[pri:0, instance:runner.TestRunner@1b919693]" started-at="2024-10-21T00:39:05 PDT" name="runScenario" description="Runs Cucumber Scenarios" data-provider="scenarios" finished-at="2024-10-21T00:39:22 PDT" duration-ms="17051" status="PASS">
          <params>
            <param index="0">
              <value>
                <![CDATA["validate the implement linked list in python page"]]>
              </value>
            </param>
            <param index="1">
              <value>
                <![CDATA["DS Portal Linked List Page Functionality"]]>
              </value>
            </param>
          </params>
          <reporter-output>
          </reporter-output>
        </test-method> <!-- runScenario -->
        <test-method signature="runScenario(io.cucumber.testng.PickleWrapper,io.cucumber.testng.FeatureWrapper)[pri:0, instance:runner.TestRunner@1b919693]" started-at="2024-10-21T00:39:06 PDT" name="runScenario" description="Runs Cucumber Scenarios" data-provider="scenarios" finished-at="2024-10-21T00:39:24 PDT" duration-ms="17232" status="PASS">
          <params>
            <param index="0">
              <value>
                <![CDATA["validate the Try here page from Implement Linked List in python page"]]>
              </value>
            </param>
            <param index="1">
              <value>
                <![CDATA["DS Portal Linked List Page Functionality"]]>
              </value>
            </param>
          </params>
          <reporter-output>
          </reporter-output>
        </test-method> <!-- runScenario -->
[...]
              </value>
            </param>
          </params>
          <reporter-output>
          </reporter-output>
        </test-method> <!-- runScenario -->
        <test-method signature="runScenario(io.cucumber.testng.PickleWrapper,io.cucumber.testng.FeatureWrapper)[pri:0, instance:runner.TestRunner@1b919693]" started-at="2024-10-21T00:45:08 PDT" name="runScenario" description="Runs Cucumber Scenarios" data-provider="scenarios" finished-at="2024-10-21T00:45:38 PDT" duration-ms="29948" status="FAIL">
          <params>
            <param index="0">
              <value>
                <![CDATA["Validate the Practice Questions"]]>
              </value>
            </param>
            <param index="1">
              <value>
                <![CDATA["DS Portal Queue Page Functionality"]]>
              </value>
            </param>
          </params>
          <exception class="java.lang.AssertionError">
            <message>
              <![CDATA[No questions found]]>
            </message>
            <full-stacktrace>
              <![CDATA[java.lang.AssertionError: No questions found
at org.testng.Assert.fail(Assert.java:111)
at stepdefinitions.QueueStep.the_user_should_navigate_to_queue_practice_page(QueueStep.java:224)
at ?.The User should navigate to queue Practice Page(file:///C:/Users/Palanivel/eclipse-workspace/asta_dsalgoBDD/./src/test/resources/features/queue.feature:90)
]]>
            </full-stacktrace>
          </exception> <!-- java.lang.AssertionError -->
          <reporter-output>
          </reporter-output>
        </test-method> <!-- runScenario -->
        <test-method signature="runScenario(io.cucumber.testng.PickleWrapper,io.cucumber.testng.FeatureWrapper)[pri:0, instance:runner.TestRunner@1b919693]" started-at="2024-10-21T00:45:08 PDT" name="runScenario" description="Runs Cucumber Scenarios" data-provider="scenarios" finished-at="2024-10-21T00:45:28 PDT" duration-ms="20089" status="PASS">
          <params>
            <param index="0">
              <value>
                <![CDATA["Validate the Implementation using array"]]>
              </value>
            </param>
            <param index="1">
              <value>
                <![CDATA["DS Portal Queue Page Functionality"]]>
              </value>
            </param>
          </params>
          <reporter-output>
          </reporter-output>
        </test-method> <!-- runScenario -->
        <test-method signature="runScenario(io.cucumber.testng.PickleWrapper,io.cucumber.testng.FeatureWrapper)[pri:0, instance:runner.TestRunner@1b919693]" started-at="2024-10-21T00:45:09 PDT" name="runScenario" description="Runs Cucumber Scenarios" data-provider="scenarios" finished-at="2024-10-21T00:45:29 PDT" duration-ms="20014" status="PASS">
          <params>
            <param index="0">
              <value>
                <![CDATA["Validate the navigation from the Implementation Array Page to the Try Editor page"]]>
              </value>
            </param>
            <param index="1">
              <value>
                <![CDATA["DS Portal Queue Page Functionality"]]>
              </value>
            </param>
          </params>
          <reporter-output>
          </reporter-output>
        </test-method> <!-- runScenario -->
        <test-method signature="runScenario(io.cucumber.testng.PickleWrapper,io.cucumber.testng.FeatureWrapper)[pri:0, instance:runner.TestRunner@1b919693]" started-at="2024-10-21T00:45:09 PDT" name="runScenario" description="Runs Cucumber Scenarios" data-provider="scenarios" finished-at="2024-10-21T00:45:29 PDT" duration-ms="20371" status="PASS">
          <params>
            <param index="0">
              <value>
                <![CDATA["validate the Try editor for positive input from the Implementation Array Page"]]>
              </value>
            </param>
            <param index="1">
              <value>
                <![CDATA["DS Portal Queue Page Functionality"]]>
              </value>
            </param>
          </params>
          <reporter-output>
          </reporter-output>
        </test-method> <!-- runScenario -->
        <test-method signature="runScenario(io.cucumber.testng.PickleWrapper,io.cucumber.testng.FeatureWrapper)[pri:0, instance:runner.TestRunner@1b919693]" started-at="2024-10-21T00:45:10 PDT" name="runScenario" description="Runs Cucumber Scenarios" data-provider="scenarios" finished-at="2024-10-21T00:45:29 PDT" duration-ms="19029" status="PASS">
          <params>
            <param index="0">
              <value>
                <![CDATA["validate the Try editor for negative input from the Implementation Array Page"]]>
              </value>
            </param>
            <param index="1">
              <value>
                <![CDATA["DS Portal Queue Page Functionality"]]>
              </value>
            </param>
          </params>
          <reporter-output>
          </reporter-output>
        </test-method> <!-- runScenario -->
        <test-method signature="runScenario(io.cucumber.testng.PickleWrapper,io.cucumber.testng.FeatureWrapper)[pri:0, instance:runner.TestRunner@1b919693]" started-at="2024-10-21T00:45:20 PDT" name="runScenario" description="Runs Cucumber Scenarios" data-provider="scenarios" finished-at="2024-10-21T00:45:38 PDT" duration-ms="17668" status="PASS">
          <params>
            <param index="0">
              <value>
                <![CDATA["validate the Try editor for negative input from the Implementation Array Page"]]>
              </value>
            </param>
            <param index="1">
              <value>
                <![CDATA["DS Portal Queue Page Functionality"]]>
              </value>
            </param>
          </params>
          <reporter-output>
          </reporter-output>
        </test-method> <!-- runScenario -->
        <test-method signature="runScenario(io.cucumber.testng.PickleWrapper,io.cucumber.testng.FeatureWrapper)[pri:0, instance:runner.TestRunner@1b919693]" started-at="2024-10-21T00:45:20 PDT" name="runScenario" description="Runs Cucumber Scenarios" data-provider="scenarios" finished-at="2024-10-21T00:45:47 PDT" duration-ms="26541" status="FAIL">
          <params>
            <param index="0">
              <value>
                <![CDATA["Validate the Practice Questions"]]>
              </value>
            </param>
            <param index="1">
              <value>
                <![CDATA["DS Portal Queue Page Functionality"]]>
              </value>
            </param>
          </params>
          <exception class="java.lang.AssertionError">
            <message>
              <![CDATA[No questions found]]>
            </message>
            <full-stacktrace>
              <![CDATA[java.lang.AssertionError: No questions found
at org.testng.Assert.fail(Assert.java:111)
at stepdefinitions.QueueStep.the_user_should_navigate_to_queue_practice_page(QueueStep.java:224)
at ?.The User should navigate to queue Practice Page(file:///C:/Users/Palanivel/eclipse-workspace/asta_dsalgoBDD/./src/test/resources/features/queue.feature:128)
]]>
            </full-stacktrace>
          </exception> <!-- java.lang.AssertionError -->
          <reporter-output>
          </reporter-output>
        </test-method> <!-- runScenario -->
        <test-method signature="runScenario(io.cucumber.testng.PickleWrapper,io.cucumber.testng.FeatureWrapper)[pri:0, instance:runner.TestRunner@1b919693]" started-at="2024-10-21T00:45:20 PDT" name="runScenario" description="Runs Cucumber Scenarios" data-provider="scenarios" finished-at="2024-10-21T00:45:35 PDT" duration-ms="15214" status="PASS">
          <params>
            <param index="0">
              <value>
                <![CDATA["Validate the Queue Operations"]]>
              </value>
            </param>
            <param index="1">
              <value>
                <![CDATA["DS Portal Queue Page Functionality"]]>
              </value>
            </param>
          </params>
          <reporter-output>
          </reporter-output>
        </test-method> <!-- runScenario -->
        <test-method signature="runScenario(io.cucumber.testng.PickleWrapper,io.cucumber.testng.FeatureWrapper)[pri:0, instance:runner.TestRunner@1b919693]" started-at="2024-10-21T00:45:20 PDT" name="runScenario" description="Runs Cucumber Scenarios" data-provider="scenarios" finished-at="2024-10-21T00:45:38 PDT" duration-ms="18175" status="PASS">
          <params>
            <param index="0">
              <value>
                <![CDATA["Validate the navigation from the Queue Operation Page to the Try Editor page"]]>
              </value>
            </param>
            <param index="1">
              <value>
                <![CDATA["DS Portal Queue Page Functionality"]]>
              </value>
            </param>
          </params>
          <reporter-output>
          </reporter-output>
        </test-method> <!-- runScenario -->
        <test-method signature="runScenario(io.cucumber.testng.PickleWrapper,io.cucumber.testng.FeatureWrapper)[pri:0, instance:runner.TestRunner@1b919693]" started-at="2024-10-21T00:45:28 PDT" name="runScenario" description="Runs Cucumber Scenarios" data-provider="scenarios" finished-at="2024-10-21T00:45:47 PDT" duration-ms="18177" status="PASS">
          <params>
            <param index="0">
              <value>
                <![CDATA["validate the Try editor for positive input from the Queue Operation Page"]]>
              </value>
            </param>
            <param index="1">
              <value>
                <![CDATA["DS Portal Queue Page Functionality"]]>
              </value>
            </param>
          </params>
          <reporter-output>
          </reporter-output>
        </test-method> <!-- runScenario -->
        <test-method signature="runScenario(io.cucumber.testng.PickleWrapper,io.cucumber.testng.FeatureWrapper)[pri:0, instance:runner.TestRunner@1b919693]" started-at="2024-10-21T00:45:28 PDT" name="runScenario" description="Runs Cucumber Scenarios" data-provider="scenarios" finished-at="2024-10-21T00:45:47 PDT" duration-ms="18024" status="PASS">
          <params>
            <param index="0">
              <value>
                <![CDATA["validate the Try editor for negative input from the Queue Operation Page"]]>
              </value>
            </param>
            <param index="1">
              <value>
                <![CDATA["DS Portal Queue Page Functionality"]]>
              </value>
            </param>
          </params>
          <reporter-output>
          </reporter-output>
        </test-method> <!-- runScenario -->
        <test-method signature="runScenario(io.cucumber.testng.PickleWrapper,io.cucumber.testng.FeatureWrapper)[pri:0, instance:runner.TestRunner@1b919693]" started-at="2024-10-21T00:45:29 PDT" name="runScenario" description="Runs Cucumber Scenarios" data-provider="scenarios" finished-at="2024-10-21T00:45:47 PDT" duration-ms="18695" status="PASS">
          <params>
            <param index="0">
              <value>
                <![CDATA["validate the Try editor for negative input from the Queue Operation Page"]]>
              </value>
            </param>
            <param index="1">
              <value>
                <![CDATA["DS Portal Queue Page Functionality"]]>
              </value>
            </param>
          </params>
          <reporter-output>
          </reporter-output>
        </test-method> <!-- runScenario -->
        <test-method signature="runScenario(io.cucumber.testng.PickleWrapper,io.cucumber.testng.FeatureWrapper)[pri:0, instance:runner.TestRunner@1b919693]" started-at="2024-10-21T00:45:29 PDT" name="runScenario" description="Runs Cucumber Scenarios" data-provider="scenarios" finished-at="2024-10-21T00:45:52 PDT" duration-ms="22964" status="FAIL">
          <params>
            <param index="0">
              <value>
                <![CDATA["Validate the Practice Questions"]]>
              </value>
            </param>
            <param index="1">
              <value>
                <![CDATA["DS Portal Queue Page Functionality"]]>
              </value>
            </param>
          </params>
          <exception class="java.lang.AssertionError">
            <message>
              <![CDATA[No questions found]]>
            </message>
            <full-stacktrace>
              <![CDATA[java.lang.AssertionError: No questions found
at org.testng.Assert.fail(Assert.java:111)
at stepdefinitions.QueueStep.the_user_should_navigate_to_queue_practice_page(QueueStep.java:224)
at ?.The User should navigate to queue Practice Page(file:///C:/Users/Palanivel/eclipse-workspace/asta_dsalgoBDD/./src/test/resources/features/queue.feature:166)
]]>
            </full-stacktrace>
          </exception> <!-- java.lang.AssertionError -->
          <reporter-output>
          </reporter-output>
        </test-method> <!-- runScenario -->
        <test-method signature="runScenario(io.cucumber.testng.PickleWrapper,io.cucumber.testng.FeatureWrapper)[pri:0, instance:runner.TestRunner@1b919693]" started-at="2024-10-21T00:45:29 PDT" name="runScenario" description="Runs Cucumber Scenarios" data-provider="scenarios" finished-at="2024-10-21T00:45:42 PDT" duration-ms="12886" status="PASS">
          <params>
            <param index="0">
              <value>
                <![CDATA["Unsuccessful Register with Invalid Credentials"]]>
              </value>
            </param>
            <param index="1">
              <value>
                <![CDATA["DS Portal Register Functionality"]]>
              </value>
            </param>
          </params>
          <reporter-output>
          </reporter-output>
        </test-method> <!-- runScenario -->
        <test-method signature="runScenario(io.cucumber.testng.PickleWrapper,io.cucumber.testng.FeatureWrapper)[pri:0, instance:runner.TestRunner@1b919693]" started-at="2024-10-21T00:45:35 PDT" name="runScenario" description="Runs Cucumber Scenarios" data-provider="scenarios" finished-at="2024-10-21T00:45:47 PDT" duration-ms="12084" status="PASS">
          <params>
            <param index="0">
              <value>
                <![CDATA["Unsuccessful Register with Invalid Credentials"]]>
              </value>
            </param>
            <param index="1">
              <value>
                <![CDATA["DS Portal Register Functionality"]]>
              </value>
            </param>
          </params>
          <reporter-output>
          </reporter-output>
        </test-method> <!-- runScenario -->
        <test-method signature="runScenario(io.cucumber.testng.PickleWrapper,io.cucumber.testng.FeatureWrapper)[pri:0, instance:runner.TestRunner@1b919693]" started-at="2024-10-21T00:45:38 PDT" name="runScenario" description="Runs Cucumber Scenarios" data-provider="scenarios" finished-at="2024-10-21T00:45:48 PDT" duration-ms="10716" status="PASS">
          <params>
            <param index="0">
              <value>
                <![CDATA["Unsuccessful Register with Invalid Credentials"]]>
              </value>
            </param>
            <param index="1">
              <value>
                <![CDATA["DS Portal Register Functionality"]]>
              </value>
            </param>
          </params>
          <reporter-output>
          </reporter-output>
        </test-method> <!-- runScenario -->
        <test-method signature="runScenario(io.cucumber.testng.PickleWrapper,io.cucumber.testng.FeatureWrapper)[pri:0, instance:runner.TestRunner@1b919693]" started-at="2024-10-21T00:45:38 PDT" name="runScenario" description="Runs Cucumber Scenarios" data-provider="scenarios" finished-at="2024-10-21T00:45:48 PDT" duration-ms="10174" status="PASS">
          <params>
            <param index="0">
              <value>
                <![CDATA["Unsuccessful Register with Invalid Credentials"]]>
              </value>
            </param>
            <param index="1">
              <value>
                <![CDATA["DS Portal Register Functionality"]]>
              </value>
            </param>
          </params>
          <reporter-output>
          </reporter-output>
        </test-method> <!-- runScenario -->
        <test-method signature="runScenario(io.cucumber.testng.PickleWrapper,io.cucumber.testng.FeatureWrapper)[pri:0, instance:runner.TestRunner@1b919693]" started-at="2024-10-21T00:45:38 PDT" name="runScenario" description="Runs Cucumber Scenarios" data-provider="scenarios" finished-at="2024-10-21T00:45:48 PDT" duration-ms="9737" status="PASS">
          <params>
            <param index="0">
              <value>
                <![CDATA["Unsuccessful Register with Invalid Credentials"]]>
              </value>
            </param>
            <param index="1">
              <value>
                <![CDATA["DS Portal Register Functionality"]]>
              </value>
            </param>
          </params>
          <reporter-output>
          </reporter-output>
        </test-method> <!-- runScenario -->
        <test-method signature="runScenario(io.cucumber.testng.PickleWrapper,io.cucumber.testng.FeatureWrapper)[pri:0, instance:runner.TestRunner@1b919693]" started-at="2024-10-21T00:45:42 PDT" name="runScenario" description="Runs Cucumber Scenarios" data-provider="scenarios" finished-at="2024-10-21T00:45:51 PDT" duration-ms="8415" status="PASS">
          <params>
            <param index="0">
              <value>
                <![CDATA["Unsuccessful Register with Invalid Credentials"]]>
              </value>
            </param>
            <param index="1">
              <value>
                <![CDATA["DS Portal Register Functionality"]]>
              </value>
            </param>
          </params>
          <reporter-output>
          </reporter-output>
        </test-method> <!-- runScenario -->
        <test-method signature="runScenario(io.cucumber.testng.PickleWrapper,io.cucumber.testng.FeatureWrapper)[pri:0, instance:runner.TestRunner@1b919693]" started-at="2024-10-21T00:45:47 PDT" name="runScenario" description="Runs Cucumber Scenarios" data-provider="scenarios" finished-at="2024-10-21T00:45:52 PDT" duration-ms="5836" status="PASS">
          <params>
            <param index="0">
              <value>
                <![CDATA["Unsuccessful Register with Invalid Credentials"]]>
              </value>
            </param>
            <param index="1">
              <value>
                <![CDATA["DS Portal Register Functionality"]]>
              </value>
            </param>
          </params>
          <reporter-output>
          </reporter-output>
        </test-method> <!-- runScenario -->
        <test-method signature="runScenario(io.cucumber.testng.PickleWrapper,io.cucumber.testng.FeatureWrapper)[pri:0, instance:runner.TestRunner@1b919693]" started-at="2024-10-21T00:45:47 PDT" name="runScenario" description="Runs Cucumber Scenarios" data-provider="scenarios" finished-at="2024-10-21T00:45:53 PDT" duration-ms="6557" status="PASS">
          <params>
            <param index="0">
              <value>
                <![CDATA["Unsuccessful Register with Invalid Credentials"]]>
              </value>
            </param>
            <param index="1">
              <value>
                <![CDATA["DS Portal Register Functionality"]]>
              </value>
            </param>
          </params>
          <reporter-output>
          </reporter-output>
        </test-method> <!-- runScenario -->
        <test-method is-config="true" signature="tearDownClass()[pri:0, instance:runner.TestRunner@1b919693]" started-at="2024-10-21T00:45:53 PDT" name="tearDownClass" finished-at="2024-10-21T00:45:57 PDT" duration-ms="3563" status="PASS">
          <reporter-output>
          </reporter-output>
        </test-method> <!-- tearDownClass -->
      </class> <!-- runner.TestRunner -->
    </test> <!-- ChromeTest -->
  </suite> <!-- Suite -->
</testng-results>
